2020-03-10 11:54:06 [main] INFO  com.campushiring.CampusHiring - Starting CampusHiring on ATMECSINLT-038 with PID 14084 (started by saurabh.chauhan in C:\Users\saurabh.chauhan\Spring Workspace\CampusHiring)
2020-03-10 11:54:06 [main] DEBUG com.campushiring.CampusHiring - Running with Spring Boot v2.2.2.RELEASE, Spring v5.2.2.RELEASE
2020-03-10 11:54:06 [main] INFO  com.campushiring.CampusHiring - No active profile set, falling back to default profiles: default
2020-03-10 11:54:21 [main] INFO  com.campushiring.CampusHiring - Started CampusHiring in 16.831 seconds (JVM running for 20.46)
2020-03-10 11:56:30 [http-nio-8088-exec-3] INFO  c.c.controllers.CreateOperations - Result is fetched
2020-03-10 11:56:36 [http-nio-8088-exec-5] INFO  c.c.controllers.CreateOperations - Result is fetched
2020-03-10 11:59:44 [http-nio-8088-exec-9] INFO  c.c.controllers.CreateOperations - All Results are fetched
2020-03-10 12:01:40 [main] INFO  com.campushiring.CampusHiring - Starting CampusHiring on ATMECSINLT-038 with PID 11440 (started by saurabh.chauhan in C:\Users\saurabh.chauhan\Spring Workspace\CampusHiring)
2020-03-10 12:01:40 [main] DEBUG com.campushiring.CampusHiring - Running with Spring Boot v2.2.2.RELEASE, Spring v5.2.2.RELEASE
2020-03-10 12:01:40 [main] INFO  com.campushiring.CampusHiring - No active profile set, falling back to default profiles: default
2020-03-10 12:01:51 [main] INFO  com.campushiring.CampusHiring - Started CampusHiring in 10.965 seconds (JVM running for 13.879)
2020-03-10 12:03:04 [http-nio-8088-exec-8] INFO  c.c.controllers.CreateOperations - All Results are fetched
2020-03-10 12:10:35 [main] INFO  com.campushiring.CampusHiring - Starting CampusHiring on ATMECSINLT-038 with PID 8412 (started by saurabh.chauhan in C:\Users\saurabh.chauhan\Spring Workspace\CampusHiring)
2020-03-10 12:10:35 [main] DEBUG com.campushiring.CampusHiring - Running with Spring Boot v2.2.2.RELEASE, Spring v5.2.2.RELEASE
2020-03-10 12:10:35 [main] INFO  com.campushiring.CampusHiring - No active profile set, falling back to default profiles: default
2020-03-10 12:10:45 [main] INFO  com.campushiring.CampusHiring - Started CampusHiring in 10.844 seconds (JVM running for 13.27)
2020-03-10 12:13:59 [http-nio-8088-exec-6] INFO  c.c.controllers.CreateOperations - All Results are fetched
2020-03-10 12:14:52 [main] INFO  com.campushiring.CampusHiring - Starting CampusHiring on ATMECSINLT-038 with PID 3220 (started by saurabh.chauhan in C:\Users\saurabh.chauhan\Spring Workspace\CampusHiring)
2020-03-10 12:14:52 [main] DEBUG com.campushiring.CampusHiring - Running with Spring Boot v2.2.2.RELEASE, Spring v5.2.2.RELEASE
2020-03-10 12:14:52 [main] INFO  com.campushiring.CampusHiring - No active profile set, falling back to default profiles: default
2020-03-10 12:15:02 [main] INFO  com.campushiring.CampusHiring - Started CampusHiring in 11.327 seconds (JVM running for 14.581)
2020-03-10 12:15:14 [http-nio-8088-exec-6] INFO  c.c.controllers.CreateOperations - All Results are fetched
2020-03-10 12:15:58 [main] INFO  com.campushiring.CampusHiring - Starting CampusHiring on ATMECSINLT-038 with PID 4548 (started by saurabh.chauhan in C:\Users\saurabh.chauhan\Spring Workspace\CampusHiring)
2020-03-10 12:15:59 [main] DEBUG com.campushiring.CampusHiring - Running with Spring Boot v2.2.2.RELEASE, Spring v5.2.2.RELEASE
2020-03-10 12:15:59 [main] INFO  com.campushiring.CampusHiring - No active profile set, falling back to default profiles: default
2020-03-10 12:16:10 [main] INFO  com.campushiring.CampusHiring - Started CampusHiring in 12.595 seconds (JVM running for 15.539)
2020-03-10 12:16:23 [http-nio-8088-exec-6] INFO  c.c.controllers.CreateOperations - All Results are fetched
2020-03-10 12:17:13 [main] INFO  com.campushiring.CampusHiring - Starting CampusHiring on ATMECSINLT-038 with PID 1340 (started by saurabh.chauhan in C:\Users\saurabh.chauhan\Spring Workspace\CampusHiring)
2020-03-10 12:17:13 [main] DEBUG com.campushiring.CampusHiring - Running with Spring Boot v2.2.2.RELEASE, Spring v5.2.2.RELEASE
2020-03-10 12:17:13 [main] INFO  com.campushiring.CampusHiring - No active profile set, falling back to default profiles: default
2020-03-10 12:17:24 [main] INFO  com.campushiring.CampusHiring - Started CampusHiring in 12.467 seconds (JVM running for 15.551)
2020-03-10 12:17:35 [http-nio-8088-exec-5] INFO  c.c.controllers.CreateOperations - All Results are fetched
2020-03-10 12:20:19 [main] INFO  com.campushiring.CampusHiring - Starting CampusHiring on ATMECSINLT-038 with PID 14584 (started by saurabh.chauhan in C:\Users\saurabh.chauhan\Spring Workspace\CampusHiring)
2020-03-10 12:20:19 [main] DEBUG com.campushiring.CampusHiring - Running with Spring Boot v2.2.2.RELEASE, Spring v5.2.2.RELEASE
2020-03-10 12:20:19 [main] INFO  com.campushiring.CampusHiring - No active profile set, falling back to default profiles: default
2020-03-10 12:20:30 [main] INFO  com.campushiring.CampusHiring - Started CampusHiring in 11.362 seconds (JVM running for 14.441)
2020-03-10 12:23:58 [main] INFO  com.campushiring.CampusHiring - Starting CampusHiring on ATMECSINLT-038 with PID 8520 (started by saurabh.chauhan in C:\Users\saurabh.chauhan\Spring Workspace\CampusHiring)
2020-03-10 12:23:58 [main] DEBUG com.campushiring.CampusHiring - Running with Spring Boot v2.2.2.RELEASE, Spring v5.2.2.RELEASE
2020-03-10 12:23:58 [main] INFO  com.campushiring.CampusHiring - No active profile set, falling back to default profiles: default
2020-03-10 12:24:09 [main] INFO  com.campushiring.CampusHiring - Started CampusHiring in 11.025 seconds (JVM running for 13.835)
2020-03-10 12:24:13 [http-nio-8088-exec-2] INFO  c.c.controllers.CreateOperations - All Results are fetched
2020-03-10 12:48:40 [main] INFO  com.campushiring.CampusHiring - Starting CampusHiring on ATMECSINLT-038 with PID 13372 (started by saurabh.chauhan in C:\Users\saurabh.chauhan\Spring Workspace\CampusHiring)
2020-03-10 12:48:40 [main] DEBUG com.campushiring.CampusHiring - Running with Spring Boot v2.2.2.RELEASE, Spring v5.2.2.RELEASE
2020-03-10 12:48:40 [main] INFO  com.campushiring.CampusHiring - No active profile set, falling back to default profiles: default
2020-03-10 12:50:34 [main] INFO  com.campushiring.CampusHiring - Starting CampusHiring on ATMECSINLT-038 with PID 15156 (started by saurabh.chauhan in C:\Users\saurabh.chauhan\Spring Workspace\CampusHiring)
2020-03-10 12:50:34 [main] DEBUG com.campushiring.CampusHiring - Running with Spring Boot v2.2.2.RELEASE, Spring v5.2.2.RELEASE
2020-03-10 12:50:34 [main] INFO  com.campushiring.CampusHiring - No active profile set, falling back to default profiles: default
2020-03-10 12:52:31 [main] INFO  com.campushiring.CampusHiring - Starting CampusHiring on ATMECSINLT-038 with PID 7892 (started by saurabh.chauhan in C:\Users\saurabh.chauhan\Spring Workspace\CampusHiring)
2020-03-10 12:52:31 [main] DEBUG com.campushiring.CampusHiring - Running with Spring Boot v2.2.2.RELEASE, Spring v5.2.2.RELEASE
2020-03-10 12:52:31 [main] INFO  com.campushiring.CampusHiring - No active profile set, falling back to default profiles: default
2020-03-10 12:53:22 [main] INFO  com.campushiring.CampusHiring - Starting CampusHiring on ATMECSINLT-038 with PID 13800 (started by saurabh.chauhan in C:\Users\saurabh.chauhan\Spring Workspace\CampusHiring)
2020-03-10 12:53:22 [main] DEBUG com.campushiring.CampusHiring - Running with Spring Boot v2.2.2.RELEASE, Spring v5.2.2.RELEASE
2020-03-10 12:53:22 [main] INFO  com.campushiring.CampusHiring - No active profile set, falling back to default profiles: default
2020-03-10 13:21:39 [main] INFO  com.campushiring.CampusHiring - Starting CampusHiring on ATMECSINLT-038 with PID 12740 (started by saurabh.chauhan in C:\Users\saurabh.chauhan\Spring Workspace\CampusHiring)
2020-03-10 13:21:39 [main] DEBUG com.campushiring.CampusHiring - Running with Spring Boot v2.2.2.RELEASE, Spring v5.2.2.RELEASE
2020-03-10 13:21:39 [main] INFO  com.campushiring.CampusHiring - No active profile set, falling back to default profiles: default
2020-03-10 13:21:48 [main] INFO  com.campushiring.CampusHiring - Started CampusHiring in 10.286 seconds (JVM running for 12.945)
2020-03-10 13:30:37 [main] INFO  com.campushiring.CampusHiring - Starting CampusHiring on ATMECSINLT-038 with PID 13848 (started by saurabh.chauhan in C:\Users\saurabh.chauhan\Spring Workspace\CampusHiring)
2020-03-10 13:30:37 [main] DEBUG com.campushiring.CampusHiring - Running with Spring Boot v2.2.2.RELEASE, Spring v5.2.2.RELEASE
2020-03-10 13:30:37 [main] INFO  com.campushiring.CampusHiring - No active profile set, falling back to default profiles: default
2020-03-10 13:33:15 [main] INFO  com.campushiring.CampusHiring - Starting CampusHiring on ATMECSINLT-038 with PID 7516 (started by saurabh.chauhan in C:\Users\saurabh.chauhan\Spring Workspace\CampusHiring)
2020-03-10 13:33:15 [main] DEBUG com.campushiring.CampusHiring - Running with Spring Boot v2.2.2.RELEASE, Spring v5.2.2.RELEASE
2020-03-10 13:33:15 [main] INFO  com.campushiring.CampusHiring - No active profile set, falling back to default profiles: default
2020-03-10 13:35:42 [main] INFO  com.campushiring.CampusHiring - Starting CampusHiring on ATMECSINLT-038 with PID 14944 (started by saurabh.chauhan in C:\Users\saurabh.chauhan\Spring Workspace\CampusHiring)
2020-03-10 13:35:42 [main] DEBUG com.campushiring.CampusHiring - Running with Spring Boot v2.2.2.RELEASE, Spring v5.2.2.RELEASE
2020-03-10 13:35:42 [main] INFO  com.campushiring.CampusHiring - No active profile set, falling back to default profiles: default
2020-03-10 13:36:29 [main] INFO  com.campushiring.CampusHiring - Starting CampusHiring on ATMECSINLT-038 with PID 3304 (started by saurabh.chauhan in C:\Users\saurabh.chauhan\Spring Workspace\CampusHiring)
2020-03-10 13:36:29 [main] DEBUG com.campushiring.CampusHiring - Running with Spring Boot v2.2.2.RELEASE, Spring v5.2.2.RELEASE
2020-03-10 13:36:29 [main] INFO  com.campushiring.CampusHiring - No active profile set, falling back to default profiles: default
2020-03-10 13:37:02 [main] INFO  com.campushiring.CampusHiring - Starting CampusHiring on ATMECSINLT-038 with PID 14348 (started by saurabh.chauhan in C:\Users\saurabh.chauhan\Spring Workspace\CampusHiring)
2020-03-10 13:37:02 [main] DEBUG com.campushiring.CampusHiring - Running with Spring Boot v2.2.2.RELEASE, Spring v5.2.2.RELEASE
2020-03-10 13:37:02 [main] INFO  com.campushiring.CampusHiring - No active profile set, falling back to default profiles: default
2020-03-10 13:38:20 [main] INFO  com.campushiring.CampusHiring - Starting CampusHiring on ATMECSINLT-038 with PID 5816 (started by saurabh.chauhan in C:\Users\saurabh.chauhan\Spring Workspace\CampusHiring)
2020-03-10 13:38:20 [main] DEBUG com.campushiring.CampusHiring - Running with Spring Boot v2.2.2.RELEASE, Spring v5.2.2.RELEASE
2020-03-10 13:38:20 [main] INFO  com.campushiring.CampusHiring - No active profile set, falling back to default profiles: default
2020-03-10 13:39:35 [main] INFO  com.campushiring.CampusHiring - Starting CampusHiring on ATMECSINLT-038 with PID 14260 (started by saurabh.chauhan in C:\Users\saurabh.chauhan\Spring Workspace\CampusHiring)
2020-03-10 13:39:35 [main] DEBUG com.campushiring.CampusHiring - Running with Spring Boot v2.2.2.RELEASE, Spring v5.2.2.RELEASE
2020-03-10 13:39:35 [main] INFO  com.campushiring.CampusHiring - No active profile set, falling back to default profiles: default
2020-03-10 13:40:48 [main] INFO  com.campushiring.CampusHiring - Starting CampusHiring on ATMECSINLT-038 with PID 13108 (started by saurabh.chauhan in C:\Users\saurabh.chauhan\Spring Workspace\CampusHiring)
2020-03-10 13:40:48 [main] DEBUG com.campushiring.CampusHiring - Running with Spring Boot v2.2.2.RELEASE, Spring v5.2.2.RELEASE
2020-03-10 13:40:48 [main] INFO  com.campushiring.CampusHiring - No active profile set, falling back to default profiles: default
2020-03-10 13:40:58 [main] INFO  com.campushiring.CampusHiring - Started CampusHiring in 10.706 seconds (JVM running for 13.398)
2020-03-10 13:42:18 [main] INFO  com.campushiring.CampusHiring - Starting CampusHiring on ATMECSINLT-038 with PID 14116 (started by saurabh.chauhan in C:\Users\saurabh.chauhan\Spring Workspace\CampusHiring)
2020-03-10 13:42:18 [main] DEBUG com.campushiring.CampusHiring - Running with Spring Boot v2.2.2.RELEASE, Spring v5.2.2.RELEASE
2020-03-10 13:42:18 [main] INFO  com.campushiring.CampusHiring - No active profile set, falling back to default profiles: default
2020-03-10 13:42:28 [main] INFO  com.campushiring.CampusHiring - Started CampusHiring in 10.529 seconds (JVM running for 13.183)
2020-03-10 13:49:03 [main] INFO  com.campushiring.CampusHiring - Starting CampusHiring on ATMECSINLT-038 with PID 15280 (started by saurabh.chauhan in C:\Users\saurabh.chauhan\Spring Workspace\CampusHiring)
2020-03-10 13:49:03 [main] DEBUG com.campushiring.CampusHiring - Running with Spring Boot v2.2.2.RELEASE, Spring v5.2.2.RELEASE
2020-03-10 13:49:03 [main] INFO  com.campushiring.CampusHiring - No active profile set, falling back to default profiles: default
2020-03-10 13:49:13 [main] INFO  com.campushiring.CampusHiring - Started CampusHiring in 10.599 seconds (JVM running for 13.366)
2020-03-10 13:54:42 [main] INFO  com.campushiring.CampusHiring - Starting CampusHiring on ATMECSINLT-038 with PID 13516 (started by saurabh.chauhan in C:\Users\saurabh.chauhan\Spring Workspace\CampusHiring)
2020-03-10 13:54:42 [main] DEBUG com.campushiring.CampusHiring - Running with Spring Boot v2.2.2.RELEASE, Spring v5.2.2.RELEASE
2020-03-10 13:54:42 [main] INFO  com.campushiring.CampusHiring - No active profile set, falling back to default profiles: default
2020-03-10 13:54:53 [main] INFO  com.campushiring.CampusHiring - Started CampusHiring in 11.768 seconds (JVM running for 14.721)
2020-03-10 14:01:31 [main] INFO  com.campushiring.CampusHiring - Starting CampusHiring on ATMECSINLT-038 with PID 10912 (started by saurabh.chauhan in C:\Users\saurabh.chauhan\Spring Workspace\CampusHiring)
2020-03-10 14:01:31 [main] DEBUG com.campushiring.CampusHiring - Running with Spring Boot v2.2.2.RELEASE, Spring v5.2.2.RELEASE
2020-03-10 14:01:31 [main] INFO  com.campushiring.CampusHiring - No active profile set, falling back to default profiles: default
2020-03-10 14:01:40 [main] INFO  com.campushiring.CampusHiring - Started CampusHiring in 10.33 seconds (JVM running for 12.965)
2020-03-10 14:07:40 [main] INFO  com.campushiring.CampusHiring - Starting CampusHiring on ATMECSINLT-038 with PID 13828 (started by saurabh.chauhan in C:\Users\saurabh.chauhan\Spring Workspace\CampusHiring)
2020-03-10 14:07:40 [main] DEBUG com.campushiring.CampusHiring - Running with Spring Boot v2.2.2.RELEASE, Spring v5.2.2.RELEASE
2020-03-10 14:07:40 [main] INFO  com.campushiring.CampusHiring - No active profile set, falling back to default profiles: default
2020-03-10 14:07:50 [main] INFO  com.campushiring.CampusHiring - Started CampusHiring in 10.415 seconds (JVM running for 12.905)
2020-03-10 14:16:29 [main] INFO  com.campushiring.CampusHiring - Starting CampusHiring on ATMECSINLT-038 with PID 12196 (started by saurabh.chauhan in C:\Users\saurabh.chauhan\Spring Workspace\CampusHiring)
2020-03-10 14:16:29 [main] DEBUG com.campushiring.CampusHiring - Running with Spring Boot v2.2.2.RELEASE, Spring v5.2.2.RELEASE
2020-03-10 14:16:29 [main] INFO  com.campushiring.CampusHiring - No active profile set, falling back to default profiles: default
2020-03-10 14:16:41 [main] INFO  com.campushiring.CampusHiring - Started CampusHiring in 11.99 seconds (JVM running for 14.801)
2020-03-10 15:14:30 [main] INFO  com.campushiring.CampusHiring - Starting CampusHiring on ATMECSINLT-038 with PID 15484 (started by saurabh.chauhan in C:\Users\saurabh.chauhan\Spring Workspace\CampusHiring)
2020-03-10 15:14:30 [main] DEBUG com.campushiring.CampusHiring - Running with Spring Boot v2.2.2.RELEASE, Spring v5.2.2.RELEASE
2020-03-10 15:14:30 [main] INFO  com.campushiring.CampusHiring - No active profile set, falling back to default profiles: default
2020-03-10 15:18:09 [main] INFO  com.campushiring.CampusHiring - Starting CampusHiring on ATMECSINLT-038 with PID 14200 (started by saurabh.chauhan in C:\Users\saurabh.chauhan\Spring Workspace\CampusHiring)
2020-03-10 15:18:09 [main] DEBUG com.campushiring.CampusHiring - Running with Spring Boot v2.2.2.RELEASE, Spring v5.2.2.RELEASE
2020-03-10 15:18:09 [main] INFO  com.campushiring.CampusHiring - No active profile set, falling back to default profiles: default
2020-03-10 15:20:39 [main] INFO  com.campushiring.CampusHiring - Starting CampusHiring on ATMECSINLT-038 with PID 9604 (started by saurabh.chauhan in C:\Users\saurabh.chauhan\Spring Workspace\CampusHiring)
2020-03-10 15:20:39 [main] DEBUG com.campushiring.CampusHiring - Running with Spring Boot v2.2.2.RELEASE, Spring v5.2.2.RELEASE
2020-03-10 15:20:39 [main] INFO  com.campushiring.CampusHiring - No active profile set, falling back to default profiles: default
2020-03-10 15:22:03 [main] INFO  com.campushiring.CampusHiring - Starting CampusHiring on ATMECSINLT-038 with PID 3748 (started by saurabh.chauhan in C:\Users\saurabh.chauhan\Spring Workspace\CampusHiring)
2020-03-10 15:22:03 [main] DEBUG com.campushiring.CampusHiring - Running with Spring Boot v2.2.2.RELEASE, Spring v5.2.2.RELEASE
2020-03-10 15:22:03 [main] INFO  com.campushiring.CampusHiring - No active profile set, falling back to default profiles: default
2020-03-10 15:24:27 [main] INFO  com.campushiring.CampusHiring - Starting CampusHiring on ATMECSINLT-038 with PID 2500 (started by saurabh.chauhan in C:\Users\saurabh.chauhan\Spring Workspace\CampusHiring)
2020-03-10 15:24:27 [main] DEBUG com.campushiring.CampusHiring - Running with Spring Boot v2.2.2.RELEASE, Spring v5.2.2.RELEASE
2020-03-10 15:24:27 [main] INFO  com.campushiring.CampusHiring - No active profile set, falling back to default profiles: default
2020-03-10 15:24:38 [main] INFO  com.campushiring.CampusHiring - Started CampusHiring in 11.322 seconds (JVM running for 13.681)
2020-03-10 15:26:28 [main] INFO  com.campushiring.CampusHiring - Starting CampusHiring on ATMECSINLT-038 with PID 16064 (started by saurabh.chauhan in C:\Users\saurabh.chauhan\Spring Workspace\CampusHiring)
2020-03-10 15:26:28 [main] DEBUG com.campushiring.CampusHiring - Running with Spring Boot v2.2.2.RELEASE, Spring v5.2.2.RELEASE
2020-03-10 15:26:28 [main] INFO  com.campushiring.CampusHiring - No active profile set, falling back to default profiles: default
2020-03-10 15:26:37 [main] INFO  com.campushiring.CampusHiring - Started CampusHiring in 10.334 seconds (JVM running for 12.864)
2020-03-10 15:28:12 [main] INFO  com.campushiring.CampusHiring - Starting CampusHiring on ATMECSINLT-038 with PID 8504 (started by saurabh.chauhan in C:\Users\saurabh.chauhan\Spring Workspace\CampusHiring)
2020-03-10 15:28:12 [main] DEBUG com.campushiring.CampusHiring - Running with Spring Boot v2.2.2.RELEASE, Spring v5.2.2.RELEASE
2020-03-10 15:28:13 [main] INFO  com.campushiring.CampusHiring - No active profile set, falling back to default profiles: default
2020-03-10 15:28:25 [main] INFO  com.campushiring.CampusHiring - Started CampusHiring in 12.84 seconds (JVM running for 16.151)
2020-03-10 15:30:55 [main] INFO  com.campushiring.CampusHiring - Starting CampusHiring on ATMECSINLT-038 with PID 15588 (started by saurabh.chauhan in C:\Users\saurabh.chauhan\Spring Workspace\CampusHiring)
2020-03-10 15:30:56 [main] DEBUG com.campushiring.CampusHiring - Running with Spring Boot v2.2.2.RELEASE, Spring v5.2.2.RELEASE
2020-03-10 15:30:56 [main] INFO  com.campushiring.CampusHiring - No active profile set, falling back to default profiles: default
2020-03-10 15:31:06 [main] INFO  com.campushiring.CampusHiring - Started CampusHiring in 10.813 seconds (JVM running for 13.508)
2020-03-10 15:32:30 [main] INFO  com.campushiring.CampusHiring - Starting CampusHiring on ATMECSINLT-038 with PID 14188 (started by saurabh.chauhan in C:\Users\saurabh.chauhan\Spring Workspace\CampusHiring)
2020-03-10 15:32:30 [main] DEBUG com.campushiring.CampusHiring - Running with Spring Boot v2.2.2.RELEASE, Spring v5.2.2.RELEASE
2020-03-10 15:32:30 [main] INFO  com.campushiring.CampusHiring - No active profile set, falling back to default profiles: default
2020-03-10 15:32:41 [main] INFO  com.campushiring.CampusHiring - Started CampusHiring in 11.579 seconds (JVM running for 14.371)
2020-03-10 15:35:30 [main] INFO  com.campushiring.CampusHiring - Starting CampusHiring on ATMECSINLT-038 with PID 16300 (started by saurabh.chauhan in C:\Users\saurabh.chauhan\Spring Workspace\CampusHiring)
2020-03-10 15:35:30 [main] DEBUG com.campushiring.CampusHiring - Running with Spring Boot v2.2.2.RELEASE, Spring v5.2.2.RELEASE
2020-03-10 15:35:30 [main] INFO  com.campushiring.CampusHiring - No active profile set, falling back to default profiles: default
2020-03-10 15:35:41 [main] INFO  com.campushiring.CampusHiring - Started CampusHiring in 12.252 seconds (JVM running for 15.245)
2020-03-10 15:38:47 [main] INFO  com.campushiring.CampusHiring - Starting CampusHiring on ATMECSINLT-038 with PID 3748 (started by saurabh.chauhan in C:\Users\saurabh.chauhan\Spring Workspace\CampusHiring)
2020-03-10 15:38:47 [main] DEBUG com.campushiring.CampusHiring - Running with Spring Boot v2.2.2.RELEASE, Spring v5.2.2.RELEASE
2020-03-10 15:38:47 [main] INFO  com.campushiring.CampusHiring - No active profile set, falling back to default profiles: default
2020-03-10 15:38:58 [main] INFO  com.campushiring.CampusHiring - Started CampusHiring in 12.019 seconds (JVM running for 15.333)
2020-03-10 15:55:56 [main] INFO  com.campushiring.CampusHiring - Starting CampusHiring on ATMECSINLT-038 with PID 15872 (started by saurabh.chauhan in C:\Users\saurabh.chauhan\Spring Workspace\CampusHiring)
2020-03-10 15:55:56 [main] DEBUG com.campushiring.CampusHiring - Running with Spring Boot v2.2.2.RELEASE, Spring v5.2.2.RELEASE
2020-03-10 15:55:56 [main] INFO  com.campushiring.CampusHiring - No active profile set, falling back to default profiles: default
2020-03-10 15:57:13 [main] INFO  com.campushiring.CampusHiring - Starting CampusHiring on ATMECSINLT-038 with PID 12068 (started by saurabh.chauhan in C:\Users\saurabh.chauhan\Spring Workspace\CampusHiring)
2020-03-10 15:57:13 [main] DEBUG com.campushiring.CampusHiring - Running with Spring Boot v2.2.2.RELEASE, Spring v5.2.2.RELEASE
2020-03-10 15:57:13 [main] INFO  com.campushiring.CampusHiring - No active profile set, falling back to default profiles: default
2020-03-10 16:08:59 [main] INFO  com.campushiring.CampusHiring - Starting CampusHiring on ATMECSINLT-038 with PID 10760 (started by saurabh.chauhan in C:\Users\saurabh.chauhan\Spring Workspace\CampusHiring)
2020-03-10 16:08:59 [main] DEBUG com.campushiring.CampusHiring - Running with Spring Boot v2.2.2.RELEASE, Spring v5.2.2.RELEASE
2020-03-10 16:08:59 [main] INFO  com.campushiring.CampusHiring - No active profile set, falling back to default profiles: default
2020-03-10 16:09:09 [main] INFO  com.campushiring.CampusHiring - Started CampusHiring in 11.157 seconds (JVM running for 13.969)
