2020-03-11 11:22:47 [main] INFO  com.campushiring.CampusHiring - Starting CampusHiring on ATMECSINLT-038 with PID 16620 (started by saurabh.chauhan in C:\Users\saurabh.chauhan\Spring Workspace\CampusHiring)
2020-03-11 11:22:47 [main] DEBUG com.campushiring.CampusHiring - Running with Spring Boot v2.2.2.RELEASE, Spring v5.2.2.RELEASE
2020-03-11 11:22:47 [main] INFO  com.campushiring.CampusHiring - No active profile set, falling back to default profiles: default
2020-03-11 11:23:02 [main] INFO  com.campushiring.CampusHiring - Started CampusHiring in 16.162 seconds (JVM running for 20.208)
2020-03-11 11:23:40 [http-nio-8088-exec-7] INFO  c.c.controllers.CreateOperations - Result is fetched
2020-03-11 11:23:47 [http-nio-8088-exec-9] INFO  c.c.controllers.CreateOperations - Result is fetched
2020-03-11 11:38:40 [main] INFO  com.campushiring.CampusHiring - Starting CampusHiring on ATMECSINLT-038 with PID 9372 (started by saurabh.chauhan in C:\Users\saurabh.chauhan\Spring Workspace\CampusHiring)
2020-03-11 11:38:40 [main] DEBUG com.campushiring.CampusHiring - Running with Spring Boot v2.2.2.RELEASE, Spring v5.2.2.RELEASE
2020-03-11 11:38:40 [main] INFO  com.campushiring.CampusHiring - No active profile set, falling back to default profiles: default
2020-03-11 11:44:30 [main] INFO  com.campushiring.CampusHiring - Starting CampusHiring on ATMECSINLT-038 with PID 8832 (started by saurabh.chauhan in C:\Users\saurabh.chauhan\Spring Workspace\CampusHiring)
2020-03-11 11:44:30 [main] DEBUG com.campushiring.CampusHiring - Running with Spring Boot v2.2.2.RELEASE, Spring v5.2.2.RELEASE
2020-03-11 11:44:30 [main] INFO  com.campushiring.CampusHiring - No active profile set, falling back to default profiles: default
2020-03-11 11:46:06 [main] INFO  com.campushiring.CampusHiring - Starting CampusHiring on ATMECSINLT-038 with PID 6540 (started by saurabh.chauhan in C:\Users\saurabh.chauhan\Spring Workspace\CampusHiring)
2020-03-11 11:46:06 [main] DEBUG com.campushiring.CampusHiring - Running with Spring Boot v2.2.2.RELEASE, Spring v5.2.2.RELEASE
2020-03-11 11:46:06 [main] INFO  com.campushiring.CampusHiring - No active profile set, falling back to default profiles: default
2020-03-11 11:50:50 [main] INFO  com.campushiring.CampusHiring - Starting CampusHiring on ATMECSINLT-038 with PID 4412 (started by saurabh.chauhan in C:\Users\saurabh.chauhan\Spring Workspace\CampusHiring)
2020-03-11 11:50:50 [main] DEBUG com.campushiring.CampusHiring - Running with Spring Boot v2.2.2.RELEASE, Spring v5.2.2.RELEASE
2020-03-11 11:50:50 [main] INFO  com.campushiring.CampusHiring - No active profile set, falling back to default profiles: default
2020-03-11 11:52:33 [main] INFO  com.campushiring.CampusHiring - Starting CampusHiring on ATMECSINLT-038 with PID 2104 (started by saurabh.chauhan in C:\Users\saurabh.chauhan\Spring Workspace\CampusHiring)
2020-03-11 11:52:33 [main] DEBUG com.campushiring.CampusHiring - Running with Spring Boot v2.2.2.RELEASE, Spring v5.2.2.RELEASE
2020-03-11 11:52:33 [main] INFO  com.campushiring.CampusHiring - No active profile set, falling back to default profiles: default
2020-03-11 11:57:56 [main] INFO  com.campushiring.CampusHiring - Starting CampusHiring on ATMECSINLT-038 with PID 18364 (started by saurabh.chauhan in C:\Users\saurabh.chauhan\Spring Workspace\CampusHiring)
2020-03-11 11:57:56 [main] DEBUG com.campushiring.CampusHiring - Running with Spring Boot v2.2.2.RELEASE, Spring v5.2.2.RELEASE
2020-03-11 11:57:56 [main] INFO  com.campushiring.CampusHiring - No active profile set, falling back to default profiles: default
2020-03-11 11:59:19 [main] INFO  com.campushiring.CampusHiring - Starting CampusHiring on ATMECSINLT-038 with PID 13584 (started by saurabh.chauhan in C:\Users\saurabh.chauhan\Spring Workspace\CampusHiring)
2020-03-11 11:59:19 [main] DEBUG com.campushiring.CampusHiring - Running with Spring Boot v2.2.2.RELEASE, Spring v5.2.2.RELEASE
2020-03-11 11:59:19 [main] INFO  com.campushiring.CampusHiring - No active profile set, falling back to default profiles: default
2020-03-11 11:59:30 [main] INFO  com.campushiring.CampusHiring - Started CampusHiring in 11.649 seconds (JVM running for 14.853)
2020-03-11 12:08:58 [main] INFO  com.campushiring.CampusHiring - Starting CampusHiring on ATMECSINLT-038 with PID 13172 (started by saurabh.chauhan in C:\Users\saurabh.chauhan\Spring Workspace\CampusHiring)
2020-03-11 12:08:58 [main] DEBUG com.campushiring.CampusHiring - Running with Spring Boot v2.2.2.RELEASE, Spring v5.2.2.RELEASE
2020-03-11 12:08:58 [main] INFO  com.campushiring.CampusHiring - No active profile set, falling back to default profiles: default
2020-03-11 12:11:12 [main] INFO  com.campushiring.CampusHiring - Starting CampusHiring on ATMECSINLT-038 with PID 17708 (started by saurabh.chauhan in C:\Users\saurabh.chauhan\Spring Workspace\CampusHiring)
2020-03-11 12:11:12 [main] DEBUG com.campushiring.CampusHiring - Running with Spring Boot v2.2.2.RELEASE, Spring v5.2.2.RELEASE
2020-03-11 12:11:12 [main] INFO  com.campushiring.CampusHiring - No active profile set, falling back to default profiles: default
2020-03-11 12:24:08 [main] INFO  com.campushiring.CampusHiring - Starting CampusHiring on ATMECSINLT-038 with PID 15084 (started by saurabh.chauhan in C:\Users\saurabh.chauhan\Spring Workspace\CampusHiring)
2020-03-11 12:24:08 [main] DEBUG com.campushiring.CampusHiring - Running with Spring Boot v2.2.2.RELEASE, Spring v5.2.2.RELEASE
2020-03-11 12:24:08 [main] INFO  com.campushiring.CampusHiring - No active profile set, falling back to default profiles: default
2020-03-11 12:34:35 [main] INFO  com.campushiring.CampusHiring - Starting CampusHiring on ATMECSINLT-038 with PID 16148 (started by saurabh.chauhan in C:\Users\saurabh.chauhan\Spring Workspace\CampusHiring)
2020-03-11 12:34:35 [main] DEBUG com.campushiring.CampusHiring - Running with Spring Boot v2.2.2.RELEASE, Spring v5.2.2.RELEASE
2020-03-11 12:34:35 [main] INFO  com.campushiring.CampusHiring - No active profile set, falling back to default profiles: default
2020-03-11 12:34:47 [main] INFO  com.campushiring.CampusHiring - Started CampusHiring in 11.965 seconds (JVM running for 14.951)
2020-03-11 12:44:45 [main] INFO  com.campushiring.CampusHiring - Starting CampusHiring on ATMECSINLT-038 with PID 11672 (started by saurabh.chauhan in C:\Users\saurabh.chauhan\Spring Workspace\CampusHiring)
2020-03-11 12:44:45 [main] DEBUG com.campushiring.CampusHiring - Running with Spring Boot v2.2.2.RELEASE, Spring v5.2.2.RELEASE
2020-03-11 12:44:45 [main] INFO  com.campushiring.CampusHiring - No active profile set, falling back to default profiles: default
2020-03-11 12:44:56 [main] INFO  com.campushiring.CampusHiring - Started CampusHiring in 10.9 seconds (JVM running for 13.959)
2020-03-11 12:47:08 [main] INFO  com.campushiring.CampusHiring - Starting CampusHiring on ATMECSINLT-038 with PID 14960 (started by saurabh.chauhan in C:\Users\saurabh.chauhan\Spring Workspace\CampusHiring)
2020-03-11 12:47:08 [main] DEBUG com.campushiring.CampusHiring - Running with Spring Boot v2.2.2.RELEASE, Spring v5.2.2.RELEASE
2020-03-11 12:47:08 [main] INFO  com.campushiring.CampusHiring - No active profile set, falling back to default profiles: default
2020-03-11 12:47:19 [main] INFO  com.campushiring.CampusHiring - Started CampusHiring in 11.378 seconds (JVM running for 14.203)
2020-03-11 12:49:51 [http-nio-8088-exec-3] INFO  c.c.controllers.CreateOperations - Result is fetched
2020-03-11 12:55:48 [main] INFO  com.campushiring.CampusHiring - Starting CampusHiring on ATMECSINLT-038 with PID 14780 (started by saurabh.chauhan in C:\Users\saurabh.chauhan\Spring Workspace\CampusHiring)
2020-03-11 12:55:48 [main] DEBUG com.campushiring.CampusHiring - Running with Spring Boot v2.2.2.RELEASE, Spring v5.2.2.RELEASE
2020-03-11 12:55:48 [main] INFO  com.campushiring.CampusHiring - No active profile set, falling back to default profiles: default
2020-03-11 12:55:59 [main] INFO  com.campushiring.CampusHiring - Started CampusHiring in 11.448 seconds (JVM running for 14.42)
2020-03-11 12:56:05 [http-nio-8088-exec-1] INFO  c.c.controllers.CreateOperations - Result is fetched
2020-03-11 12:57:14 [main] INFO  com.campushiring.CampusHiring - Starting CampusHiring on ATMECSINLT-038 with PID 10316 (started by saurabh.chauhan in C:\Users\saurabh.chauhan\Spring Workspace\CampusHiring)
2020-03-11 12:57:14 [main] DEBUG com.campushiring.CampusHiring - Running with Spring Boot v2.2.2.RELEASE, Spring v5.2.2.RELEASE
2020-03-11 12:57:14 [main] INFO  com.campushiring.CampusHiring - No active profile set, falling back to default profiles: default
2020-03-11 12:57:24 [main] INFO  com.campushiring.CampusHiring - Started CampusHiring in 10.876 seconds (JVM running for 13.73)
2020-03-11 12:57:29 [http-nio-8088-exec-1] INFO  c.c.controllers.CreateOperations - Result is fetched
2020-03-11 14:34:53 [main] INFO  com.campushiring.CampusHiring - Starting CampusHiring on ATMECSINLT-038 with PID 13972 (started by saurabh.chauhan in C:\Users\saurabh.chauhan\Spring Workspace\CampusHiring)
2020-03-11 14:34:53 [main] DEBUG com.campushiring.CampusHiring - Running with Spring Boot v2.2.2.RELEASE, Spring v5.2.2.RELEASE
2020-03-11 14:34:53 [main] INFO  com.campushiring.CampusHiring - No active profile set, falling back to default profiles: default
2020-03-11 14:35:06 [main] INFO  com.campushiring.CampusHiring - Started CampusHiring in 14.374 seconds (JVM running for 19.312)
2020-03-11 14:35:27 [http-nio-8088-exec-8] INFO  c.c.controllers.CreateOperations - Result is fetched
2020-03-11 14:38:25 [main] INFO  com.campushiring.CampusHiring - Starting CampusHiring on ATMECSINLT-038 with PID 13348 (started by saurabh.chauhan in C:\Users\saurabh.chauhan\Spring Workspace\CampusHiring)
2020-03-11 14:38:25 [main] DEBUG com.campushiring.CampusHiring - Running with Spring Boot v2.2.2.RELEASE, Spring v5.2.2.RELEASE
2020-03-11 14:38:25 [main] INFO  com.campushiring.CampusHiring - No active profile set, falling back to default profiles: default
2020-03-11 14:38:35 [main] INFO  com.campushiring.CampusHiring - Started CampusHiring in 10.72 seconds (JVM running for 13.646)
2020-03-11 14:38:40 [http-nio-8088-exec-1] INFO  c.c.controllers.CreateOperations - Result is fetched
2020-03-11 14:38:47 [http-nio-8088-exec-2] INFO  c.c.controllers.CreateOperations - Result is fetched
2020-03-11 14:38:54 [http-nio-8088-exec-3] INFO  c.c.controllers.CreateOperations - Result is fetched
2020-03-11 14:40:21 [main] INFO  com.campushiring.CampusHiring - Starting CampusHiring on ATMECSINLT-038 with PID 17416 (started by saurabh.chauhan in C:\Users\saurabh.chauhan\Spring Workspace\CampusHiring)
2020-03-11 14:40:21 [main] DEBUG com.campushiring.CampusHiring - Running with Spring Boot v2.2.2.RELEASE, Spring v5.2.2.RELEASE
2020-03-11 14:40:21 [main] INFO  com.campushiring.CampusHiring - No active profile set, falling back to default profiles: default
2020-03-11 14:40:32 [main] INFO  com.campushiring.CampusHiring - Started CampusHiring in 11.232 seconds (JVM running for 14.587)
2020-03-11 14:40:35 [http-nio-8088-exec-1] INFO  c.c.controllers.CreateOperations - Result is fetched
2020-03-11 14:46:16 [main] INFO  com.campushiring.CampusHiring - Starting CampusHiring on ATMECSINLT-038 with PID 12476 (started by saurabh.chauhan in C:\Users\saurabh.chauhan\Spring Workspace\CampusHiring)
2020-03-11 14:46:16 [main] DEBUG com.campushiring.CampusHiring - Running with Spring Boot v2.2.2.RELEASE, Spring v5.2.2.RELEASE
2020-03-11 14:46:16 [main] INFO  com.campushiring.CampusHiring - No active profile set, falling back to default profiles: default
2020-03-11 14:46:26 [main] INFO  com.campushiring.CampusHiring - Started CampusHiring in 11.113 seconds (JVM running for 13.953)
2020-03-11 14:46:33 [http-nio-8088-exec-1] INFO  c.c.controllers.CreateOperations - Result is fetched
2020-03-11 14:46:38 [http-nio-8088-exec-2] INFO  c.c.controllers.CreateOperations - Result is fetched
2020-03-11 14:49:51 [main] INFO  com.campushiring.CampusHiring - Starting CampusHiring on ATMECSINLT-038 with PID 10540 (started by saurabh.chauhan in C:\Users\saurabh.chauhan\Spring Workspace\CampusHiring)
2020-03-11 14:49:51 [main] DEBUG com.campushiring.CampusHiring - Running with Spring Boot v2.2.2.RELEASE, Spring v5.2.2.RELEASE
2020-03-11 14:49:51 [main] INFO  com.campushiring.CampusHiring - No active profile set, falling back to default profiles: default
2020-03-11 14:50:01 [main] INFO  com.campushiring.CampusHiring - Started CampusHiring in 11.171 seconds (JVM running for 14.233)
2020-03-11 14:50:07 [http-nio-8088-exec-1] INFO  c.c.controllers.CreateOperations - Result is fetched
2020-03-11 14:52:48 [main] INFO  com.campushiring.CampusHiring - Starting CampusHiring on ATMECSINLT-038 with PID 19288 (started by saurabh.chauhan in C:\Users\saurabh.chauhan\Spring Workspace\CampusHiring)
2020-03-11 14:52:48 [main] DEBUG com.campushiring.CampusHiring - Running with Spring Boot v2.2.2.RELEASE, Spring v5.2.2.RELEASE
2020-03-11 14:52:48 [main] INFO  com.campushiring.CampusHiring - No active profile set, falling back to default profiles: default
2020-03-11 14:52:58 [main] INFO  com.campushiring.CampusHiring - Started CampusHiring in 10.948 seconds (JVM running for 13.716)
2020-03-11 14:53:02 [http-nio-8088-exec-1] INFO  c.c.controllers.CreateOperations - Result is fetched
2020-03-11 15:00:54 [main] INFO  com.campushiring.CampusHiring - Starting CampusHiring on ATMECSINLT-038 with PID 5632 (started by saurabh.chauhan in C:\Users\saurabh.chauhan\Spring Workspace\CampusHiring)
2020-03-11 15:00:54 [main] DEBUG com.campushiring.CampusHiring - Running with Spring Boot v2.2.2.RELEASE, Spring v5.2.2.RELEASE
2020-03-11 15:00:54 [main] INFO  com.campushiring.CampusHiring - No active profile set, falling back to default profiles: default
2020-03-11 15:01:04 [main] INFO  com.campushiring.CampusHiring - Started CampusHiring in 10.873 seconds (JVM running for 13.733)
2020-03-11 15:01:08 [http-nio-8088-exec-1] INFO  c.c.controllers.CreateOperations - Result is fetched
2020-03-11 15:01:13 [http-nio-8088-exec-2] INFO  c.c.controllers.CreateOperations - Result is fetched
2020-03-11 15:14:20 [main] INFO  com.campushiring.CampusHiring - Starting CampusHiring on ATMECSINLT-038 with PID 13368 (started by saurabh.chauhan in C:\Users\saurabh.chauhan\Spring Workspace\CampusHiring)
2020-03-11 15:14:20 [main] DEBUG com.campushiring.CampusHiring - Running with Spring Boot v2.2.2.RELEASE, Spring v5.2.2.RELEASE
2020-03-11 15:14:20 [main] INFO  com.campushiring.CampusHiring - No active profile set, falling back to default profiles: default
2020-03-11 15:14:31 [main] INFO  com.campushiring.CampusHiring - Started CampusHiring in 11.322 seconds (JVM running for 14.253)
2020-03-11 15:14:53 [http-nio-8088-exec-5] INFO  c.c.controllers.CreateOperations - Result is fetched
2020-03-11 15:18:11 [main] INFO  com.campushiring.CampusHiring - Starting CampusHiring on ATMECSINLT-038 with PID 7384 (started by saurabh.chauhan in C:\Users\saurabh.chauhan\Spring Workspace\CampusHiring)
2020-03-11 15:18:11 [main] DEBUG com.campushiring.CampusHiring - Running with Spring Boot v2.2.2.RELEASE, Spring v5.2.2.RELEASE
2020-03-11 15:18:11 [main] INFO  com.campushiring.CampusHiring - No active profile set, falling back to default profiles: default
2020-03-11 15:18:22 [main] INFO  com.campushiring.CampusHiring - Started CampusHiring in 11.288 seconds (JVM running for 14.177)
2020-03-11 15:18:33 [http-nio-8088-exec-2] INFO  c.c.controllers.CreateOperations - Result is fetched
2020-03-11 15:21:47 [main] INFO  com.campushiring.CampusHiring - Starting CampusHiring on ATMECSINLT-038 with PID 18440 (started by saurabh.chauhan in C:\Users\saurabh.chauhan\Spring Workspace\CampusHiring)
2020-03-11 15:21:47 [main] DEBUG com.campushiring.CampusHiring - Running with Spring Boot v2.2.2.RELEASE, Spring v5.2.2.RELEASE
2020-03-11 15:21:47 [main] INFO  com.campushiring.CampusHiring - No active profile set, falling back to default profiles: default
2020-03-11 15:21:58 [main] INFO  com.campushiring.CampusHiring - Started CampusHiring in 12.071 seconds (JVM running for 14.918)
2020-03-11 15:23:24 [main] INFO  com.campushiring.CampusHiring - Starting CampusHiring on ATMECSINLT-038 with PID 11300 (started by saurabh.chauhan in C:\Users\saurabh.chauhan\Spring Workspace\CampusHiring)
2020-03-11 15:23:24 [main] DEBUG com.campushiring.CampusHiring - Running with Spring Boot v2.2.2.RELEASE, Spring v5.2.2.RELEASE
2020-03-11 15:23:24 [main] INFO  com.campushiring.CampusHiring - No active profile set, falling back to default profiles: default
2020-03-11 15:23:34 [main] INFO  com.campushiring.CampusHiring - Started CampusHiring in 11.223 seconds (JVM running for 14.248)
2020-03-11 15:25:09 [main] INFO  com.campushiring.CampusHiring - Starting CampusHiring on ATMECSINLT-038 with PID 17884 (started by saurabh.chauhan in C:\Users\saurabh.chauhan\Spring Workspace\CampusHiring)
2020-03-11 15:25:09 [main] DEBUG com.campushiring.CampusHiring - Running with Spring Boot v2.2.2.RELEASE, Spring v5.2.2.RELEASE
2020-03-11 15:25:09 [main] INFO  com.campushiring.CampusHiring - No active profile set, falling back to default profiles: default
2020-03-11 15:25:20 [main] INFO  com.campushiring.CampusHiring - Started CampusHiring in 11.461 seconds (JVM running for 14.389)
2020-03-11 15:25:54 [main] INFO  com.campushiring.CampusHiring - Starting CampusHiring on ATMECSINLT-038 with PID 15656 (started by saurabh.chauhan in C:\Users\saurabh.chauhan\Spring Workspace\CampusHiring)
2020-03-11 15:25:54 [main] DEBUG com.campushiring.CampusHiring - Running with Spring Boot v2.2.2.RELEASE, Spring v5.2.2.RELEASE
2020-03-11 15:25:54 [main] INFO  com.campushiring.CampusHiring - No active profile set, falling back to default profiles: default
2020-03-11 15:26:04 [main] INFO  com.campushiring.CampusHiring - Started CampusHiring in 11.688 seconds (JVM running for 15.143)
2020-03-11 15:27:27 [main] INFO  com.campushiring.CampusHiring - Starting CampusHiring on ATMECSINLT-038 with PID 18416 (started by saurabh.chauhan in C:\Users\saurabh.chauhan\Spring Workspace\CampusHiring)
2020-03-11 15:27:27 [main] DEBUG com.campushiring.CampusHiring - Running with Spring Boot v2.2.2.RELEASE, Spring v5.2.2.RELEASE
2020-03-11 15:27:27 [main] INFO  com.campushiring.CampusHiring - No active profile set, falling back to default profiles: default
2020-03-11 15:27:37 [main] INFO  com.campushiring.CampusHiring - Started CampusHiring in 10.902 seconds (JVM running for 13.722)
2020-03-11 15:28:48 [main] INFO  com.campushiring.CampusHiring - Starting CampusHiring on ATMECSINLT-038 with PID 14992 (started by saurabh.chauhan in C:\Users\saurabh.chauhan\Spring Workspace\CampusHiring)
2020-03-11 15:28:48 [main] DEBUG com.campushiring.CampusHiring - Running with Spring Boot v2.2.2.RELEASE, Spring v5.2.2.RELEASE
2020-03-11 15:28:48 [main] INFO  com.campushiring.CampusHiring - No active profile set, falling back to default profiles: default
2020-03-11 15:29:00 [main] INFO  com.campushiring.CampusHiring - Started CampusHiring in 12.566 seconds (JVM running for 15.595)
2020-03-11 15:32:32 [main] INFO  com.campushiring.CampusHiring - Starting CampusHiring on ATMECSINLT-038 with PID 13124 (started by saurabh.chauhan in C:\Users\saurabh.chauhan\Spring Workspace\CampusHiring)
2020-03-11 15:32:32 [main] DEBUG com.campushiring.CampusHiring - Running with Spring Boot v2.2.2.RELEASE, Spring v5.2.2.RELEASE
2020-03-11 15:32:32 [main] INFO  com.campushiring.CampusHiring - No active profile set, falling back to default profiles: default
2020-03-11 15:32:43 [main] INFO  com.campushiring.CampusHiring - Started CampusHiring in 10.907 seconds (JVM running for 13.69)
2020-03-11 15:34:40 [main] INFO  com.campushiring.CampusHiring - Starting CampusHiring on ATMECSINLT-038 with PID 7200 (started by saurabh.chauhan in C:\Users\saurabh.chauhan\Spring Workspace\CampusHiring)
2020-03-11 15:34:40 [main] DEBUG com.campushiring.CampusHiring - Running with Spring Boot v2.2.2.RELEASE, Spring v5.2.2.RELEASE
2020-03-11 15:34:40 [main] INFO  com.campushiring.CampusHiring - No active profile set, falling back to default profiles: default
2020-03-11 15:34:50 [main] INFO  com.campushiring.CampusHiring - Started CampusHiring in 11.336 seconds (JVM running for 14.257)
2020-03-11 15:36:17 [main] INFO  com.campushiring.CampusHiring - Starting CampusHiring on ATMECSINLT-038 with PID 13548 (started by saurabh.chauhan in C:\Users\saurabh.chauhan\Spring Workspace\CampusHiring)
2020-03-11 15:36:17 [main] DEBUG com.campushiring.CampusHiring - Running with Spring Boot v2.2.2.RELEASE, Spring v5.2.2.RELEASE
2020-03-11 15:36:17 [main] INFO  com.campushiring.CampusHiring - No active profile set, falling back to default profiles: default
2020-03-11 15:36:27 [main] INFO  com.campushiring.CampusHiring - Started CampusHiring in 10.983 seconds (JVM running for 14.097)
2020-03-11 15:44:28 [main] INFO  com.campushiring.CampusHiring - Starting CampusHiring on ATMECSINLT-038 with PID 15392 (started by saurabh.chauhan in C:\Users\saurabh.chauhan\Spring Workspace\CampusHiring)
2020-03-11 15:44:28 [main] DEBUG com.campushiring.CampusHiring - Running with Spring Boot v2.2.2.RELEASE, Spring v5.2.2.RELEASE
2020-03-11 15:44:28 [main] INFO  com.campushiring.CampusHiring - No active profile set, falling back to default profiles: default
2020-03-11 15:44:38 [main] INFO  com.campushiring.CampusHiring - Started CampusHiring in 11.084 seconds (JVM running for 13.738)
2020-03-11 15:45:34 [main] INFO  com.campushiring.CampusHiring - Starting CampusHiring on ATMECSINLT-038 with PID 9524 (started by saurabh.chauhan in C:\Users\saurabh.chauhan\Spring Workspace\CampusHiring)
2020-03-11 15:45:34 [main] DEBUG com.campushiring.CampusHiring - Running with Spring Boot v2.2.2.RELEASE, Spring v5.2.2.RELEASE
2020-03-11 15:45:34 [main] INFO  com.campushiring.CampusHiring - No active profile set, falling back to default profiles: default
2020-03-11 15:45:45 [main] INFO  com.campushiring.CampusHiring - Started CampusHiring in 11.619 seconds (JVM running for 14.664)
2020-03-11 15:47:12 [main] INFO  com.campushiring.CampusHiring - Starting CampusHiring on ATMECSINLT-038 with PID 17020 (started by saurabh.chauhan in C:\Users\saurabh.chauhan\Spring Workspace\CampusHiring)
2020-03-11 15:47:12 [main] DEBUG com.campushiring.CampusHiring - Running with Spring Boot v2.2.2.RELEASE, Spring v5.2.2.RELEASE
2020-03-11 15:47:12 [main] INFO  com.campushiring.CampusHiring - No active profile set, falling back to default profiles: default
2020-03-11 15:47:23 [main] INFO  com.campushiring.CampusHiring - Started CampusHiring in 11.328 seconds (JVM running for 14.083)
2020-03-11 15:48:01 [main] INFO  com.campushiring.CampusHiring - Starting CampusHiring on ATMECSINLT-038 with PID 6352 (started by saurabh.chauhan in C:\Users\saurabh.chauhan\Spring Workspace\CampusHiring)
2020-03-11 15:48:01 [main] DEBUG com.campushiring.CampusHiring - Running with Spring Boot v2.2.2.RELEASE, Spring v5.2.2.RELEASE
2020-03-11 15:48:01 [main] INFO  com.campushiring.CampusHiring - No active profile set, falling back to default profiles: default
2020-03-11 15:48:11 [main] INFO  com.campushiring.CampusHiring - Started CampusHiring in 11.2 seconds (JVM running for 13.928)
2020-03-11 15:51:20 [main] INFO  com.campushiring.CampusHiring - Starting CampusHiring on ATMECSINLT-038 with PID 12008 (started by saurabh.chauhan in C:\Users\saurabh.chauhan\Spring Workspace\CampusHiring)
2020-03-11 15:51:20 [main] DEBUG com.campushiring.CampusHiring - Running with Spring Boot v2.2.2.RELEASE, Spring v5.2.2.RELEASE
2020-03-11 15:51:20 [main] INFO  com.campushiring.CampusHiring - No active profile set, falling back to default profiles: default
2020-03-11 15:51:30 [main] INFO  com.campushiring.CampusHiring - Started CampusHiring in 11.062 seconds (JVM running for 13.946)
2020-03-11 15:58:20 [main] INFO  com.campushiring.CampusHiring - Starting CampusHiring on ATMECSINLT-038 with PID 16408 (started by saurabh.chauhan in C:\Users\saurabh.chauhan\Spring Workspace\CampusHiring)
2020-03-11 15:58:20 [main] DEBUG com.campushiring.CampusHiring - Running with Spring Boot v2.2.2.RELEASE, Spring v5.2.2.RELEASE
2020-03-11 15:58:20 [main] INFO  com.campushiring.CampusHiring - No active profile set, falling back to default profiles: default
2020-03-11 15:58:30 [main] INFO  com.campushiring.CampusHiring - Started CampusHiring in 11.172 seconds (JVM running for 13.88)
2020-03-11 17:03:28 [main] INFO  com.campushiring.CampusHiring - Starting CampusHiring on ATMECSINLT-038 with PID 13720 (started by saurabh.chauhan in C:\Users\saurabh.chauhan\Spring Workspace\CampusHiring)
2020-03-11 17:03:29 [main] DEBUG com.campushiring.CampusHiring - Running with Spring Boot v2.2.2.RELEASE, Spring v5.2.2.RELEASE
2020-03-11 17:03:29 [main] INFO  com.campushiring.CampusHiring - No active profile set, falling back to default profiles: default
2020-03-11 17:03:49 [main] INFO  com.campushiring.CampusHiring - Started CampusHiring in 22.019 seconds (JVM running for 28.145)
2020-03-11 17:04:28 [http-nio-8088-exec-9] INFO  c.c.controllers.CreateOperations - Result is fetched
2020-03-11 17:14:17 [main] INFO  com.campushiring.CampusHiring - Starting CampusHiring on ATMECSINLT-038 with PID 12964 (started by saurabh.chauhan in C:\Users\saurabh.chauhan\Spring Workspace\CampusHiring)
2020-03-11 17:14:17 [main] DEBUG com.campushiring.CampusHiring - Running with Spring Boot v2.2.2.RELEASE, Spring v5.2.2.RELEASE
2020-03-11 17:14:17 [main] INFO  com.campushiring.CampusHiring - No active profile set, falling back to default profiles: default
2020-03-11 17:14:55 [main] INFO  com.campushiring.CampusHiring - Started CampusHiring in 40.258 seconds (JVM running for 53.534)
2020-03-11 17:21:55 [main] INFO  com.campushiring.CampusHiring - Starting CampusHiring on ATMECSINLT-038 with PID 7864 (started by saurabh.chauhan in C:\Users\saurabh.chauhan\Spring Workspace\CampusHiring)
2020-03-11 17:21:55 [main] DEBUG com.campushiring.CampusHiring - Running with Spring Boot v2.2.2.RELEASE, Spring v5.2.2.RELEASE
2020-03-11 17:21:55 [main] INFO  com.campushiring.CampusHiring - No active profile set, falling back to default profiles: default
2020-03-11 17:22:11 [main] INFO  com.campushiring.CampusHiring - Started CampusHiring in 18.426 seconds (JVM running for 28.042)
2020-03-11 17:22:14 [http-nio-8088-exec-1] INFO  c.c.controllers.CreateOperations - Result is fetched
2020-03-11 17:22:14 [http-nio-8088-exec-1] INFO  c.c.controllers.CreateOperations - Result is fetched
2020-03-11 17:22:14 [http-nio-8088-exec-1] INFO  c.c.controllers.CreateOperations - Result is fetched
2020-03-11 17:22:14 [http-nio-8088-exec-1] INFO  c.c.controllers.CreateOperations - Result is fetched
2020-03-11 17:22:14 [http-nio-8088-exec-1] INFO  c.c.controllers.CreateOperations - Result is fetched
2020-03-11 17:24:23 [main] INFO  com.campushiring.CampusHiring - Starting CampusHiring on ATMECSINLT-038 with PID 2388 (started by saurabh.chauhan in C:\Users\saurabh.chauhan\Spring Workspace\CampusHiring)
2020-03-11 17:24:23 [main] DEBUG com.campushiring.CampusHiring - Running with Spring Boot v2.2.2.RELEASE, Spring v5.2.2.RELEASE
2020-03-11 17:24:23 [main] INFO  com.campushiring.CampusHiring - No active profile set, falling back to default profiles: default
2020-03-11 17:24:34 [main] INFO  com.campushiring.CampusHiring - Started CampusHiring in 12.251 seconds (JVM running for 14.408)
2020-03-11 17:24:37 [http-nio-8088-exec-2] INFO  c.c.controllers.CreateOperations - Result is fetched
2020-03-11 17:24:37 [http-nio-8088-exec-2] INFO  c.c.controllers.CreateOperations - Result is fetched
2020-03-11 17:24:37 [http-nio-8088-exec-2] INFO  c.c.controllers.CreateOperations - Result is fetched
2020-03-11 17:24:37 [http-nio-8088-exec-2] INFO  c.c.controllers.CreateOperations - Result is fetched
2020-03-11 17:24:37 [http-nio-8088-exec-2] INFO  c.c.controllers.CreateOperations - Result is fetched
2020-03-11 17:25:16 [http-nio-8088-exec-3] INFO  c.c.controllers.CreateOperations - Result is fetched
2020-03-11 17:25:26 [http-nio-8088-exec-6] INFO  c.c.controllers.CreateOperations - Result is fetched
2020-03-11 17:27:13 [main] INFO  com.campushiring.CampusHiring - Starting CampusHiring on ATMECSINLT-038 with PID 5568 (started by saurabh.chauhan in C:\Users\saurabh.chauhan\Spring Workspace\CampusHiring)
2020-03-11 17:27:13 [main] DEBUG com.campushiring.CampusHiring - Running with Spring Boot v2.2.2.RELEASE, Spring v5.2.2.RELEASE
2020-03-11 17:27:13 [main] INFO  com.campushiring.CampusHiring - No active profile set, falling back to default profiles: default
2020-03-11 17:27:26 [main] INFO  com.campushiring.CampusHiring - Started CampusHiring in 14.234 seconds (JVM running for 17.009)
2020-03-11 17:27:32 [http-nio-8088-exec-1] INFO  c.c.controllers.CreateOperations - Result is fetched
2020-03-11 17:27:32 [http-nio-8088-exec-1] INFO  c.c.controllers.CreateOperations - Result is fetched
2020-03-11 17:27:32 [http-nio-8088-exec-1] INFO  c.c.controllers.CreateOperations - Result is fetched
2020-03-11 17:27:32 [http-nio-8088-exec-1] INFO  c.c.controllers.CreateOperations - Result is fetched
2020-03-11 17:27:32 [http-nio-8088-exec-1] INFO  c.c.controllers.CreateOperations - Result is fetched
2020-03-11 17:27:57 [http-nio-8088-exec-3] INFO  c.c.controllers.CreateOperations - Result is fetched
2020-03-11 17:27:57 [http-nio-8088-exec-3] INFO  c.c.controllers.CreateOperations - Result is fetched
2020-03-11 17:27:57 [http-nio-8088-exec-3] INFO  c.c.controllers.CreateOperations - Result is fetched
2020-03-11 17:27:57 [http-nio-8088-exec-3] INFO  c.c.controllers.CreateOperations - Result is fetched
2020-03-11 17:27:57 [http-nio-8088-exec-3] INFO  c.c.controllers.CreateOperations - Result is fetched
2020-03-11 17:28:56 [main] INFO  com.campushiring.CampusHiring - Starting CampusHiring on ATMECSINLT-038 with PID 11360 (started by saurabh.chauhan in C:\Users\saurabh.chauhan\Spring Workspace\CampusHiring)
2020-03-11 17:28:56 [main] DEBUG com.campushiring.CampusHiring - Running with Spring Boot v2.2.2.RELEASE, Spring v5.2.2.RELEASE
2020-03-11 17:28:56 [main] INFO  com.campushiring.CampusHiring - No active profile set, falling back to default profiles: default
2020-03-11 17:54:34 [main] INFO  com.campushiring.CampusHiring - Starting CampusHiring on ATMECSINLT-038 with PID 13152 (started by saurabh.chauhan in C:\Users\saurabh.chauhan\Spring Workspace\CampusHiring)
2020-03-11 17:54:34 [main] DEBUG com.campushiring.CampusHiring - Running with Spring Boot v2.2.2.RELEASE, Spring v5.2.2.RELEASE
2020-03-11 17:54:34 [main] INFO  com.campushiring.CampusHiring - No active profile set, falling back to default profiles: default
2020-03-11 17:55:02 [main] INFO  com.campushiring.CampusHiring - Started CampusHiring in 30.223 seconds (JVM running for 48.919)
2020-03-11 17:55:42 [http-nio-8088-exec-7] INFO  c.c.controllers.CreateOperations - Result is fetched
2020-03-11 17:55:42 [http-nio-8088-exec-7] INFO  c.c.controllers.CreateOperations - Result is fetched
2020-03-11 17:55:42 [http-nio-8088-exec-7] INFO  c.c.controllers.CreateOperations - Result is fetched
2020-03-11 17:55:42 [http-nio-8088-exec-7] INFO  c.c.controllers.CreateOperations - Result is fetched
2020-03-11 17:55:42 [http-nio-8088-exec-7] INFO  c.c.controllers.CreateOperations - Result is fetched
2020-03-11 17:56:39 [main] INFO  com.campushiring.CampusHiring - Starting CampusHiring on ATMECSINLT-038 with PID 12736 (started by saurabh.chauhan in C:\Users\saurabh.chauhan\Spring Workspace\CampusHiring)
2020-03-11 17:56:39 [main] DEBUG com.campushiring.CampusHiring - Running with Spring Boot v2.2.2.RELEASE, Spring v5.2.2.RELEASE
2020-03-11 17:56:39 [main] INFO  com.campushiring.CampusHiring - No active profile set, falling back to default profiles: default
2020-03-11 17:56:50 [main] INFO  com.campushiring.CampusHiring - Started CampusHiring in 12.082 seconds (JVM running for 16.694)
2020-03-11 17:56:55 [http-nio-8088-exec-1] INFO  c.c.controllers.CreateOperations - Result is fetched
2020-03-11 17:56:55 [http-nio-8088-exec-1] INFO  c.c.controllers.CreateOperations - Result is fetched
