2020-03-05 18:35:10 [main] INFO  com.campushiring.CampusHiring - Starting CampusHiring on ATMECSINLT-038 with PID 8856 (started by saurabh.chauhan in C:\Users\saurabh.chauhan\Spring Workspace\CampusHiring)
2020-03-05 18:35:10 [main] DEBUG com.campushiring.CampusHiring - Running with Spring Boot v2.2.2.RELEASE, Spring v5.2.2.RELEASE
2020-03-05 18:35:10 [main] INFO  com.campushiring.CampusHiring - No active profile set, falling back to default profiles: default
2020-03-05 18:35:18 [main] INFO  com.campushiring.CampusHiring - Started CampusHiring in 9.078 seconds (JVM running for 11.345)
2020-03-05 18:36:34 [http-nio-8088-exec-7] ERROR c.c.controllers.CreateOperations - Exception Came With Code400 BAD_REQUEST
2020-03-05 18:40:32 [main] INFO  com.campushiring.CampusHiring - Starting CampusHiring on ATMECSINLT-038 with PID 12100 (started by saurabh.chauhan in C:\Users\saurabh.chauhan\Spring Workspace\CampusHiring)
2020-03-05 18:40:32 [main] DEBUG com.campushiring.CampusHiring - Running with Spring Boot v2.2.2.RELEASE, Spring v5.2.2.RELEASE
2020-03-05 18:40:32 [main] INFO  com.campushiring.CampusHiring - No active profile set, falling back to default profiles: default
2020-03-05 18:40:43 [main] INFO  com.campushiring.CampusHiring - Started CampusHiring in 11.717 seconds (JVM running for 14.124)
2020-03-05 18:43:20 [main] INFO  com.campushiring.CampusHiring - Starting CampusHiring on ATMECSINLT-038 with PID 10536 (started by saurabh.chauhan in C:\Users\saurabh.chauhan\Spring Workspace\CampusHiring)
2020-03-05 18:43:20 [main] DEBUG com.campushiring.CampusHiring - Running with Spring Boot v2.2.2.RELEASE, Spring v5.2.2.RELEASE
2020-03-05 18:43:20 [main] INFO  com.campushiring.CampusHiring - No active profile set, falling back to default profiles: default
2020-03-05 18:43:29 [main] INFO  com.campushiring.CampusHiring - Started CampusHiring in 8.993 seconds (JVM running for 11.277)
2020-03-05 18:44:01 [http-nio-8088-exec-5] INFO  c.c.controllers.CreateOperations - All Questions are fetched
2020-03-05 18:46:08 [main] INFO  com.campushiring.CampusHiring - Starting CampusHiring on ATMECSINLT-038 with PID 16964 (started by saurabh.chauhan in C:\Users\saurabh.chauhan\Spring Workspace\CampusHiring)
2020-03-05 18:46:08 [main] DEBUG com.campushiring.CampusHiring - Running with Spring Boot v2.2.2.RELEASE, Spring v5.2.2.RELEASE
2020-03-05 18:46:08 [main] INFO  com.campushiring.CampusHiring - No active profile set, falling back to default profiles: default
2020-03-05 18:46:18 [main] INFO  com.campushiring.CampusHiring - Started CampusHiring in 11.049 seconds (JVM running for 13.62)
2020-03-05 18:51:00 [main] INFO  com.campushiring.CampusHiring - Starting CampusHiring on ATMECSINLT-038 with PID 11508 (started by saurabh.chauhan in C:\Users\saurabh.chauhan\Spring Workspace\CampusHiring)
2020-03-05 18:51:00 [main] DEBUG com.campushiring.CampusHiring - Running with Spring Boot v2.2.2.RELEASE, Spring v5.2.2.RELEASE
2020-03-05 18:51:00 [main] INFO  com.campushiring.CampusHiring - No active profile set, falling back to default profiles: default
2020-03-05 18:51:09 [main] INFO  com.campushiring.CampusHiring - Started CampusHiring in 9.41 seconds (JVM running for 11.764)
2020-03-05 18:51:27 [http-nio-8088-exec-1] INFO  c.c.controllers.CreateOperations - Result is fetched
2020-03-05 18:55:56 [main] INFO  com.campushiring.CampusHiring - Starting CampusHiring on ATMECSINLT-038 with PID 15060 (started by saurabh.chauhan in C:\Users\saurabh.chauhan\Spring Workspace\CampusHiring)
2020-03-05 18:55:56 [main] DEBUG com.campushiring.CampusHiring - Running with Spring Boot v2.2.2.RELEASE, Spring v5.2.2.RELEASE
2020-03-05 18:55:56 [main] INFO  com.campushiring.CampusHiring - No active profile set, falling back to default profiles: default
2020-03-05 18:56:05 [main] INFO  com.campushiring.CampusHiring - Started CampusHiring in 10.275 seconds (JVM running for 13.27)
2020-03-05 18:56:22 [http-nio-8088-exec-8] INFO  c.c.controllers.CreateOperations - Result is fetched
2020-03-05 18:57:38 [main] INFO  com.campushiring.CampusHiring - Starting CampusHiring on ATMECSINLT-038 with PID 13456 (started by saurabh.chauhan in C:\Users\saurabh.chauhan\Spring Workspace\CampusHiring)
2020-03-05 18:57:38 [main] DEBUG com.campushiring.CampusHiring - Running with Spring Boot v2.2.2.RELEASE, Spring v5.2.2.RELEASE
2020-03-05 18:57:38 [main] INFO  com.campushiring.CampusHiring - No active profile set, falling back to default profiles: default
2020-03-05 18:57:48 [main] INFO  com.campushiring.CampusHiring - Started CampusHiring in 10.192 seconds (JVM running for 12.785)
2020-03-05 18:57:56 [http-nio-8088-exec-1] INFO  c.c.controllers.CreateOperations - Result is fetched
2020-03-05 18:59:55 [main] INFO  com.campushiring.CampusHiring - Starting CampusHiring on ATMECSINLT-038 with PID 13356 (started by saurabh.chauhan in C:\Users\saurabh.chauhan\Spring Workspace\CampusHiring)
2020-03-05 18:59:55 [main] DEBUG com.campushiring.CampusHiring - Running with Spring Boot v2.2.2.RELEASE, Spring v5.2.2.RELEASE
2020-03-05 18:59:55 [main] INFO  com.campushiring.CampusHiring - No active profile set, falling back to default profiles: default
2020-03-05 19:00:05 [main] INFO  com.campushiring.CampusHiring - Started CampusHiring in 10.359 seconds (JVM running for 12.733)
2020-03-05 19:00:12 [http-nio-8088-exec-1] INFO  c.c.controllers.CreateOperations - Result is fetched
2020-03-05 19:01:23 [main] INFO  com.campushiring.CampusHiring - Starting CampusHiring on ATMECSINLT-038 with PID 13368 (started by saurabh.chauhan in C:\Users\saurabh.chauhan\Spring Workspace\CampusHiring)
2020-03-05 19:01:23 [main] DEBUG com.campushiring.CampusHiring - Running with Spring Boot v2.2.2.RELEASE, Spring v5.2.2.RELEASE
2020-03-05 19:01:23 [main] INFO  com.campushiring.CampusHiring - No active profile set, falling back to default profiles: default
2020-03-05 19:01:32 [main] INFO  com.campushiring.CampusHiring - Started CampusHiring in 9.455 seconds (JVM running for 11.881)
2020-03-05 19:01:34 [http-nio-8088-exec-1] INFO  c.c.controllers.CreateOperations - Result is fetched
2020-03-05 19:01:39 [http-nio-8088-exec-2] INFO  c.c.controllers.CreateOperations - Result is fetched
2020-03-05 19:01:44 [http-nio-8088-exec-3] INFO  c.c.controllers.CreateOperations - Result is fetched
2020-03-05 19:05:01 [main] INFO  com.campushiring.CampusHiring - Starting CampusHiring on ATMECSINLT-038 with PID 7236 (started by saurabh.chauhan in C:\Users\saurabh.chauhan\Spring Workspace\CampusHiring)
2020-03-05 19:05:01 [main] DEBUG com.campushiring.CampusHiring - Running with Spring Boot v2.2.2.RELEASE, Spring v5.2.2.RELEASE
2020-03-05 19:05:01 [main] INFO  com.campushiring.CampusHiring - No active profile set, falling back to default profiles: default
2020-03-05 19:05:10 [main] INFO  com.campushiring.CampusHiring - Started CampusHiring in 9.546 seconds (JVM running for 11.993)
2020-03-05 19:05:13 [http-nio-8088-exec-1] INFO  c.c.controllers.CreateOperations - Result is fetched
2020-03-05 19:05:15 [http-nio-8088-exec-2] INFO  c.c.controllers.CreateOperations - Result is fetched
2020-03-05 19:05:16 [http-nio-8088-exec-3] INFO  c.c.controllers.CreateOperations - Result is fetched
2020-03-05 19:05:16 [http-nio-8088-exec-4] INFO  c.c.controllers.CreateOperations - Result is fetched
2020-03-05 19:05:17 [http-nio-8088-exec-5] INFO  c.c.controllers.CreateOperations - Result is fetched
2020-03-05 19:05:21 [http-nio-8088-exec-6] INFO  c.c.controllers.CreateOperations - Result is fetched
2020-03-05 19:05:25 [http-nio-8088-exec-7] INFO  c.c.controllers.CreateOperations - Result is fetched
2020-03-05 19:05:25 [http-nio-8088-exec-8] INFO  c.c.controllers.CreateOperations - Result is fetched
2020-03-05 19:05:25 [http-nio-8088-exec-9] INFO  c.c.controllers.CreateOperations - Result is fetched
2020-03-05 19:05:26 [http-nio-8088-exec-10] INFO  c.c.controllers.CreateOperations - Result is fetched
2020-03-05 19:06:19 [main] INFO  com.campushiring.CampusHiring - Starting CampusHiring on ATMECSINLT-038 with PID 9780 (started by saurabh.chauhan in C:\Users\saurabh.chauhan\Spring Workspace\CampusHiring)
2020-03-05 19:06:19 [main] DEBUG com.campushiring.CampusHiring - Running with Spring Boot v2.2.2.RELEASE, Spring v5.2.2.RELEASE
2020-03-05 19:06:19 [main] INFO  com.campushiring.CampusHiring - No active profile set, falling back to default profiles: default
2020-03-05 19:06:28 [main] INFO  com.campushiring.CampusHiring - Started CampusHiring in 9.644 seconds (JVM running for 13.711)
2020-03-05 19:06:30 [http-nio-8088-exec-1] INFO  c.c.controllers.CreateOperations - Result is fetched
2020-03-05 19:06:40 [http-nio-8088-exec-2] INFO  c.c.controllers.CreateOperations - Result is fetched
2020-03-05 19:07:27 [http-nio-8088-exec-7] INFO  c.c.controllers.CreateOperations - Result is fetched
2020-03-05 19:14:05 [main] INFO  com.campushiring.CampusHiring - Starting CampusHiring on ATMECSINLT-038 with PID 8832 (started by saurabh.chauhan in C:\Users\saurabh.chauhan\Spring Workspace\CampusHiring)
2020-03-05 19:14:05 [main] DEBUG com.campushiring.CampusHiring - Running with Spring Boot v2.2.2.RELEASE, Spring v5.2.2.RELEASE
2020-03-05 19:14:05 [main] INFO  com.campushiring.CampusHiring - No active profile set, falling back to default profiles: default
2020-03-05 19:14:14 [main] INFO  com.campushiring.CampusHiring - Started CampusHiring in 9.583 seconds (JVM running for 11.946)
2020-03-05 19:14:31 [http-nio-8088-exec-5] INFO  c.c.controllers.CreateOperations - Result is fetched
2020-03-05 19:17:02 [main] INFO  com.campushiring.CampusHiring - Starting CampusHiring on ATMECSINLT-038 with PID 15436 (started by saurabh.chauhan in C:\Users\saurabh.chauhan\Spring Workspace\CampusHiring)
2020-03-05 19:17:02 [main] DEBUG com.campushiring.CampusHiring - Running with Spring Boot v2.2.2.RELEASE, Spring v5.2.2.RELEASE
2020-03-05 19:17:02 [main] INFO  com.campushiring.CampusHiring - No active profile set, falling back to default profiles: default
2020-03-05 19:17:11 [main] INFO  com.campushiring.CampusHiring - Started CampusHiring in 9.764 seconds (JVM running for 12.274)
2020-03-05 19:18:02 [http-nio-8088-exec-1] INFO  c.c.controllers.CreateOperations - Result is fetched
2020-03-05 19:18:29 [http-nio-8088-exec-7] INFO  c.c.controllers.CreateOperations - Result is fetched
2020-03-05 19:19:11 [main] INFO  com.campushiring.CampusHiring - Starting CampusHiring on ATMECSINLT-038 with PID 3032 (started by saurabh.chauhan in C:\Users\saurabh.chauhan\Spring Workspace\CampusHiring)
2020-03-05 19:19:11 [main] DEBUG com.campushiring.CampusHiring - Running with Spring Boot v2.2.2.RELEASE, Spring v5.2.2.RELEASE
2020-03-05 19:19:11 [main] INFO  com.campushiring.CampusHiring - No active profile set, falling back to default profiles: default
2020-03-05 19:19:19 [main] INFO  com.campushiring.CampusHiring - Started CampusHiring in 9.288 seconds (JVM running for 11.891)
2020-03-05 19:19:24 [http-nio-8088-exec-1] INFO  c.c.controllers.CreateOperations - Result is fetched
2020-03-05 19:19:31 [http-nio-8088-exec-2] INFO  c.c.controllers.CreateOperations - Result is fetched
2020-03-05 19:19:36 [http-nio-8088-exec-4] INFO  c.c.controllers.CreateOperations - Result is fetched
2020-03-05 19:20:14 [main] INFO  com.campushiring.CampusHiring - Starting CampusHiring on ATMECSINLT-038 with PID 11508 (started by saurabh.chauhan in C:\Users\saurabh.chauhan\Spring Workspace\CampusHiring)
2020-03-05 19:20:14 [main] DEBUG com.campushiring.CampusHiring - Running with Spring Boot v2.2.2.RELEASE, Spring v5.2.2.RELEASE
2020-03-05 19:20:14 [main] INFO  com.campushiring.CampusHiring - No active profile set, falling back to default profiles: default
2020-03-05 19:20:22 [main] INFO  com.campushiring.CampusHiring - Started CampusHiring in 9.259 seconds (JVM running for 11.677)
2020-03-05 19:20:41 [http-nio-8088-exec-1] INFO  c.c.controllers.CreateOperations - Result is fetched
2020-03-06 11:08:59 [main] INFO  com.campushiring.CampusHiring - Starting CampusHiring on ATMECSINLT-038 with PID 15392 (started by saurabh.chauhan in C:\Users\saurabh.chauhan\Spring Workspace\CampusHiring)
2020-03-06 11:08:59 [main] DEBUG com.campushiring.CampusHiring - Running with Spring Boot v2.2.2.RELEASE, Spring v5.2.2.RELEASE
2020-03-06 11:08:59 [main] INFO  com.campushiring.CampusHiring - No active profile set, falling back to default profiles: default
2020-03-06 11:09:10 [main] INFO  com.campushiring.CampusHiring - Started CampusHiring in 11.549 seconds (JVM running for 15.807)
2020-03-06 11:10:24 [http-nio-8088-exec-5] INFO  c.c.controllers.CreateOperations - Result is fetched
2020-03-06 11:13:23 [main] INFO  com.campushiring.CampusHiring - Starting CampusHiring on ATMECSINLT-038 with PID 16072 (started by saurabh.chauhan in C:\Users\saurabh.chauhan\Spring Workspace\CampusHiring)
2020-03-06 11:13:23 [main] DEBUG com.campushiring.CampusHiring - Running with Spring Boot v2.2.2.RELEASE, Spring v5.2.2.RELEASE
2020-03-06 11:13:23 [main] INFO  com.campushiring.CampusHiring - No active profile set, falling back to default profiles: default
2020-03-06 11:13:33 [main] INFO  com.campushiring.CampusHiring - Started CampusHiring in 10.449 seconds (JVM running for 13.384)
2020-03-06 11:13:40 [http-nio-8088-exec-1] INFO  c.c.controllers.CreateOperations - Result is fetched
2020-03-06 11:24:21 [http-nio-8088-exec-3] INFO  c.c.controllers.CreateOperations - Response has been fetched
2020-03-06 11:44:22 [main] INFO  com.campushiring.CampusHiring - Starting CampusHiring on ATMECSINLT-038 with PID 12408 (started by saurabh.chauhan in C:\Users\saurabh.chauhan\Spring Workspace\CampusHiring)
2020-03-06 11:44:22 [main] DEBUG com.campushiring.CampusHiring - Running with Spring Boot v2.2.2.RELEASE, Spring v5.2.2.RELEASE
2020-03-06 11:44:22 [main] INFO  com.campushiring.CampusHiring - No active profile set, falling back to default profiles: default
2020-03-06 11:44:31 [main] INFO  com.campushiring.CampusHiring - Started CampusHiring in 9.591 seconds (JVM running for 11.96)
2020-03-06 11:44:59 [http-nio-8088-exec-6] INFO  c.c.controllers.CreateOperations - Result is fetched
2020-03-06 11:46:28 [main] INFO  com.campushiring.CampusHiring - Starting CampusHiring on ATMECSINLT-038 with PID 17584 (started by saurabh.chauhan in C:\Users\saurabh.chauhan\Spring Workspace\CampusHiring)
2020-03-06 11:46:28 [main] DEBUG com.campushiring.CampusHiring - Running with Spring Boot v2.2.2.RELEASE, Spring v5.2.2.RELEASE
2020-03-06 11:46:28 [main] INFO  com.campushiring.CampusHiring - No active profile set, falling back to default profiles: default
2020-03-06 11:46:39 [main] INFO  com.campushiring.CampusHiring - Started CampusHiring in 10.843 seconds (JVM running for 13.076)
2020-03-06 11:47:01 [http-nio-8088-exec-5] INFO  c.c.controllers.CreateOperations - Options has been Created
2020-03-06 11:51:29 [main] INFO  com.campushiring.CampusHiring - Starting CampusHiring on ATMECSINLT-038 with PID 18292 (started by saurabh.chauhan in C:\Users\saurabh.chauhan\Spring Workspace\CampusHiring)
2020-03-06 11:51:29 [main] DEBUG com.campushiring.CampusHiring - Running with Spring Boot v2.2.2.RELEASE, Spring v5.2.2.RELEASE
2020-03-06 11:51:29 [main] INFO  com.campushiring.CampusHiring - No active profile set, falling back to default profiles: default
2020-03-06 11:51:40 [main] INFO  com.campushiring.CampusHiring - Started CampusHiring in 11.276 seconds (JVM running for 14.378)
2020-03-06 11:51:58 [http-nio-8088-exec-7] INFO  c.c.controllers.CreateOperations - Result is fetched
2020-03-06 11:54:00 [main] INFO  com.campushiring.CampusHiring - Starting CampusHiring on ATMECSINLT-038 with PID 5424 (started by saurabh.chauhan in C:\Users\saurabh.chauhan\Spring Workspace\CampusHiring)
2020-03-06 11:54:00 [main] DEBUG com.campushiring.CampusHiring - Running with Spring Boot v2.2.2.RELEASE, Spring v5.2.2.RELEASE
2020-03-06 11:54:00 [main] INFO  com.campushiring.CampusHiring - No active profile set, falling back to default profiles: default
2020-03-06 11:54:12 [main] INFO  com.campushiring.CampusHiring - Started CampusHiring in 12.057 seconds (JVM running for 14.762)
2020-03-06 11:55:43 [main] INFO  com.campushiring.CampusHiring - Starting CampusHiring on ATMECSINLT-038 with PID 14952 (started by saurabh.chauhan in C:\Users\saurabh.chauhan\Spring Workspace\CampusHiring)
2020-03-06 11:55:43 [main] DEBUG com.campushiring.CampusHiring - Running with Spring Boot v2.2.2.RELEASE, Spring v5.2.2.RELEASE
2020-03-06 11:55:43 [main] INFO  com.campushiring.CampusHiring - No active profile set, falling back to default profiles: default
2020-03-06 11:55:52 [main] INFO  com.campushiring.CampusHiring - Started CampusHiring in 9.385 seconds (JVM running for 11.498)
2020-03-06 11:56:17 [http-nio-8088-exec-6] INFO  c.c.controllers.CreateOperations - Result is fetched
2020-03-06 12:00:40 [main] INFO  com.campushiring.CampusHiring - Starting CampusHiring on ATMECSINLT-038 with PID 10896 (started by saurabh.chauhan in C:\Users\saurabh.chauhan\Spring Workspace\CampusHiring)
2020-03-06 12:00:40 [main] DEBUG com.campushiring.CampusHiring - Running with Spring Boot v2.2.2.RELEASE, Spring v5.2.2.RELEASE
2020-03-06 12:00:40 [main] INFO  com.campushiring.CampusHiring - No active profile set, falling back to default profiles: default
2020-03-06 12:00:52 [main] INFO  com.campushiring.CampusHiring - Started CampusHiring in 12.154 seconds (JVM running for 14.928)
2020-03-06 12:01:09 [http-nio-8088-exec-6] INFO  c.c.controllers.CreateOperations - Result is fetched
2020-03-06 12:03:38 [main] INFO  com.campushiring.CampusHiring - Starting CampusHiring on ATMECSINLT-038 with PID 8280 (started by saurabh.chauhan in C:\Users\saurabh.chauhan\Spring Workspace\CampusHiring)
2020-03-06 12:03:38 [main] DEBUG com.campushiring.CampusHiring - Running with Spring Boot v2.2.2.RELEASE, Spring v5.2.2.RELEASE
2020-03-06 12:03:38 [main] INFO  com.campushiring.CampusHiring - No active profile set, falling back to default profiles: default
2020-03-06 12:03:48 [main] INFO  com.campushiring.CampusHiring - Started CampusHiring in 10.708 seconds (JVM running for 13.434)
2020-03-06 12:04:05 [http-nio-8088-exec-1] INFO  c.c.controllers.CreateOperations - Result is fetched
2020-03-06 12:04:51 [main] INFO  com.campushiring.CampusHiring - Starting CampusHiring on ATMECSINLT-038 with PID 12976 (started by saurabh.chauhan in C:\Users\saurabh.chauhan\Spring Workspace\CampusHiring)
2020-03-06 12:04:51 [main] DEBUG com.campushiring.CampusHiring - Running with Spring Boot v2.2.2.RELEASE, Spring v5.2.2.RELEASE
2020-03-06 12:04:51 [main] INFO  com.campushiring.CampusHiring - No active profile set, falling back to default profiles: default
2020-03-06 12:05:01 [main] INFO  com.campushiring.CampusHiring - Started CampusHiring in 10.459 seconds (JVM running for 12.785)
2020-03-06 12:05:11 [http-nio-8088-exec-1] INFO  c.c.controllers.CreateOperations - Result is fetched
2020-03-06 12:05:34 [main] INFO  com.campushiring.CampusHiring - Starting CampusHiring on ATMECSINLT-038 with PID 3280 (started by saurabh.chauhan in C:\Users\saurabh.chauhan\Spring Workspace\CampusHiring)
2020-03-06 12:05:34 [main] DEBUG com.campushiring.CampusHiring - Running with Spring Boot v2.2.2.RELEASE, Spring v5.2.2.RELEASE
2020-03-06 12:05:34 [main] INFO  com.campushiring.CampusHiring - No active profile set, falling back to default profiles: default
2020-03-06 12:05:43 [main] INFO  com.campushiring.CampusHiring - Started CampusHiring in 10.173 seconds (JVM running for 12.488)
2020-03-06 12:05:45 [http-nio-8088-exec-1] INFO  c.c.controllers.CreateOperations - Result is fetched
2020-03-06 12:07:34 [main] INFO  com.campushiring.CampusHiring - Starting CampusHiring on ATMECSINLT-038 with PID 15196 (started by saurabh.chauhan in C:\Users\saurabh.chauhan\Spring Workspace\CampusHiring)
2020-03-06 12:07:34 [main] DEBUG com.campushiring.CampusHiring - Running with Spring Boot v2.2.2.RELEASE, Spring v5.2.2.RELEASE
2020-03-06 12:07:34 [main] INFO  com.campushiring.CampusHiring - No active profile set, falling back to default profiles: default
2020-03-06 12:07:43 [main] INFO  com.campushiring.CampusHiring - Started CampusHiring in 9.347 seconds (JVM running for 11.757)
2020-03-06 12:08:00 [http-nio-8088-exec-6] INFO  c.c.controllers.CreateOperations - Result is fetched
2020-03-06 12:13:07 [main] INFO  com.campushiring.CampusHiring - Starting CampusHiring on ATMECSINLT-038 with PID 3176 (started by saurabh.chauhan in C:\Users\saurabh.chauhan\Spring Workspace\CampusHiring)
2020-03-06 12:13:07 [main] DEBUG com.campushiring.CampusHiring - Running with Spring Boot v2.2.2.RELEASE, Spring v5.2.2.RELEASE
2020-03-06 12:13:07 [main] INFO  com.campushiring.CampusHiring - No active profile set, falling back to default profiles: default
2020-03-06 12:13:17 [main] INFO  com.campushiring.CampusHiring - Started CampusHiring in 10.703 seconds (JVM running for 13.486)
2020-03-06 12:14:01 [http-nio-8088-exec-7] INFO  c.c.controllers.CreateOperations - Result is fetched
2020-03-06 12:19:45 [main] INFO  com.campushiring.CampusHiring - Starting CampusHiring on ATMECSINLT-038 with PID 15096 (started by saurabh.chauhan in C:\Users\saurabh.chauhan\Spring Workspace\CampusHiring)
2020-03-06 12:19:45 [main] DEBUG com.campushiring.CampusHiring - Running with Spring Boot v2.2.2.RELEASE, Spring v5.2.2.RELEASE
2020-03-06 12:19:45 [main] INFO  com.campushiring.CampusHiring - No active profile set, falling back to default profiles: default
2020-03-06 12:19:54 [main] INFO  com.campushiring.CampusHiring - Started CampusHiring in 9.479 seconds (JVM running for 11.533)
2020-03-06 12:20:14 [http-nio-8088-exec-6] INFO  c.c.controllers.CreateOperations - Result is fetched
2020-03-06 12:21:21 [main] INFO  com.campushiring.CampusHiring - Starting CampusHiring on ATMECSINLT-038 with PID 600 (started by saurabh.chauhan in C:\Users\saurabh.chauhan\Spring Workspace\CampusHiring)
2020-03-06 12:21:21 [main] DEBUG com.campushiring.CampusHiring - Running with Spring Boot v2.2.2.RELEASE, Spring v5.2.2.RELEASE
2020-03-06 12:21:21 [main] INFO  com.campushiring.CampusHiring - No active profile set, falling back to default profiles: default
2020-03-06 12:21:31 [main] INFO  com.campushiring.CampusHiring - Started CampusHiring in 10.589 seconds (JVM running for 13.311)
2020-03-06 12:21:52 [http-nio-8088-exec-6] INFO  c.c.controllers.CreateOperations - Result is fetched
2020-03-06 12:26:21 [main] INFO  com.campushiring.CampusHiring - Starting CampusHiring on ATMECSINLT-038 with PID 3176 (started by saurabh.chauhan in C:\Users\saurabh.chauhan\Spring Workspace\CampusHiring)
2020-03-06 12:26:21 [main] DEBUG com.campushiring.CampusHiring - Running with Spring Boot v2.2.2.RELEASE, Spring v5.2.2.RELEASE
2020-03-06 12:26:21 [main] INFO  com.campushiring.CampusHiring - No active profile set, falling back to default profiles: default
2020-03-06 12:26:30 [main] INFO  com.campushiring.CampusHiring - Started CampusHiring in 9.2 seconds (JVM running for 11.521)
2020-03-06 12:26:49 [http-nio-8088-exec-6] INFO  c.c.controllers.CreateOperations - Result is fetched
2020-03-06 13:17:24 [main] INFO  com.campushiring.CampusHiring - Starting CampusHiring on ATMECSINLT-038 with PID 17428 (started by saurabh.chauhan in C:\Users\saurabh.chauhan\Spring Workspace\CampusHiring)
2020-03-06 13:17:24 [main] DEBUG com.campushiring.CampusHiring - Running with Spring Boot v2.2.2.RELEASE, Spring v5.2.2.RELEASE
2020-03-06 13:17:24 [main] INFO  com.campushiring.CampusHiring - No active profile set, falling back to default profiles: default
2020-03-06 13:17:35 [main] INFO  com.campushiring.CampusHiring - Started CampusHiring in 10.96 seconds (JVM running for 13.968)
2020-03-06 13:17:53 [http-nio-8088-exec-6] INFO  c.c.controllers.CreateOperations - Result is fetched
2020-03-06 13:19:21 [main] INFO  com.campushiring.CampusHiring - Starting CampusHiring on ATMECSINLT-038 with PID 14840 (started by saurabh.chauhan in C:\Users\saurabh.chauhan\Spring Workspace\CampusHiring)
2020-03-06 13:19:21 [main] DEBUG com.campushiring.CampusHiring - Running with Spring Boot v2.2.2.RELEASE, Spring v5.2.2.RELEASE
2020-03-06 13:19:21 [main] INFO  com.campushiring.CampusHiring - No active profile set, falling back to default profiles: default
2020-03-06 13:19:31 [main] INFO  com.campushiring.CampusHiring - Started CampusHiring in 10.326 seconds (JVM running for 12.667)
2020-03-06 13:25:49 [http-nio-8088-exec-10] INFO  c.c.controllers.CreateOperations - Question has been Created
2020-03-06 13:33:53 [http-nio-8088-exec-1] INFO  c.c.controllers.CreateOperations - Response had Created or updated
2020-03-06 13:34:04 [http-nio-8088-exec-2] INFO  c.c.controllers.CreateOperations - Response had Created or updated
2020-03-06 13:42:20 [main] INFO  com.campushiring.CampusHiring - Starting CampusHiring on ATMECSINLT-038 with PID 18356 (started by saurabh.chauhan in C:\Users\saurabh.chauhan\Spring Workspace\CampusHiring)
2020-03-06 13:42:20 [main] DEBUG com.campushiring.CampusHiring - Running with Spring Boot v2.2.2.RELEASE, Spring v5.2.2.RELEASE
2020-03-06 13:42:20 [main] INFO  com.campushiring.CampusHiring - No active profile set, falling back to default profiles: default
2020-03-06 13:42:31 [main] INFO  com.campushiring.CampusHiring - Started CampusHiring in 11.022 seconds (JVM running for 13.388)
2020-03-06 13:43:04 [http-nio-8088-exec-6] INFO  c.c.controllers.CreateOperations - Result is fetched
2020-03-06 13:44:03 [main] INFO  com.campushiring.CampusHiring - Starting CampusHiring on ATMECSINLT-038 with PID 17060 (started by saurabh.chauhan in C:\Users\saurabh.chauhan\Spring Workspace\CampusHiring)
2020-03-06 13:44:03 [main] DEBUG com.campushiring.CampusHiring - Running with Spring Boot v2.2.2.RELEASE, Spring v5.2.2.RELEASE
2020-03-06 13:44:03 [main] INFO  com.campushiring.CampusHiring - No active profile set, falling back to default profiles: default
2020-03-06 13:44:13 [main] INFO  com.campushiring.CampusHiring - Started CampusHiring in 10.862 seconds (JVM running for 13.911)
2020-03-06 13:44:26 [http-nio-8088-exec-6] INFO  c.c.controllers.CreateOperations - Result is fetched
2020-03-06 14:32:46 [main] INFO  com.campushiring.CampusHiring - Starting CampusHiring on ATMECSINLT-038 with PID 15268 (started by saurabh.chauhan in C:\Users\saurabh.chauhan\Spring Workspace\CampusHiring)
2020-03-06 14:32:46 [main] DEBUG com.campushiring.CampusHiring - Running with Spring Boot v2.2.2.RELEASE, Spring v5.2.2.RELEASE
2020-03-06 14:32:46 [main] INFO  com.campushiring.CampusHiring - No active profile set, falling back to default profiles: default
2020-03-06 14:32:56 [main] INFO  com.campushiring.CampusHiring - Started CampusHiring in 9.933 seconds (JVM running for 12.141)
2020-03-06 14:33:18 [http-nio-8088-exec-6] INFO  c.c.controllers.CreateOperations - Result is fetched
2020-03-06 14:34:59 [main] INFO  com.campushiring.CampusHiring - Starting CampusHiring on ATMECSINLT-038 with PID 17416 (started by saurabh.chauhan in C:\Users\saurabh.chauhan\Spring Workspace\CampusHiring)
2020-03-06 14:34:59 [main] DEBUG com.campushiring.CampusHiring - Running with Spring Boot v2.2.2.RELEASE, Spring v5.2.2.RELEASE
2020-03-06 14:34:59 [main] INFO  com.campushiring.CampusHiring - No active profile set, falling back to default profiles: default
2020-03-06 14:35:09 [main] INFO  com.campushiring.CampusHiring - Started CampusHiring in 10.111 seconds (JVM running for 12.526)
2020-03-06 14:35:21 [http-nio-8088-exec-1] INFO  c.c.controllers.CreateOperations - Result is fetched
2020-03-06 14:35:36 [http-nio-8088-exec-7] INFO  c.c.controllers.CreateOperations - All Questions are fetched
2020-03-06 14:36:01 [http-nio-8088-exec-2] INFO  c.c.controllers.CreateOperations - Options has been Created
2020-03-06 14:36:17 [http-nio-8088-exec-3] INFO  c.c.controllers.CreateOperations - Question had fetched
2020-03-06 14:36:36 [http-nio-8088-exec-6] INFO  c.c.controllers.CreateOperations - Response has been fetched
2020-03-06 14:36:46 [http-nio-8088-exec-7] INFO  c.c.controllers.CreateOperations - Result is fetched
2020-03-06 14:37:01 [http-nio-8088-exec-8] INFO  c.c.controllers.CreateOperations - Question has been Created
2020-03-06 14:40:33 [http-nio-8088-exec-10] INFO  c.c.controllers.CreateOperations - Response had Created or updated
2020-03-06 14:40:54 [http-nio-8088-exec-1] INFO  c.c.controllers.CreateOperations - Response had Created or updated
2020-03-06 14:41:12 [http-nio-8088-exec-2] INFO  c.c.controllers.CreateOperations - Response had Created or updated
2020-03-06 14:41:20 [http-nio-8088-exec-4] INFO  c.c.controllers.CreateOperations - Response had Created or updated
2020-03-06 14:41:33 [http-nio-8088-exec-3] INFO  c.c.controllers.CreateOperations - Result is fetched
2020-03-06 14:41:43 [http-nio-8088-exec-5] INFO  c.c.controllers.CreateOperations - Result is fetched
2020-03-06 14:41:57 [http-nio-8088-exec-6] INFO  c.c.controllers.CreateOperations - Result is fetched
2020-03-06 15:44:45 [main] INFO  com.campushiring.CampusHiring - Starting CampusHiring on ATMECSINLT-038 with PID 4560 (started by saurabh.chauhan in C:\Users\saurabh.chauhan\Spring Workspace\CampusHiring)
2020-03-06 15:44:45 [main] DEBUG com.campushiring.CampusHiring - Running with Spring Boot v2.2.2.RELEASE, Spring v5.2.2.RELEASE
2020-03-06 15:44:45 [main] INFO  com.campushiring.CampusHiring - No active profile set, falling back to default profiles: default
2020-03-06 15:45:07 [main] INFO  com.campushiring.CampusHiring - Starting CampusHiring on ATMECSINLT-038 with PID 11808 (started by saurabh.chauhan in C:\Users\saurabh.chauhan\Spring Workspace\CampusHiring)
2020-03-06 15:45:07 [main] DEBUG com.campushiring.CampusHiring - Running with Spring Boot v2.2.2.RELEASE, Spring v5.2.2.RELEASE
2020-03-06 15:45:07 [main] INFO  com.campushiring.CampusHiring - No active profile set, falling back to default profiles: default
2020-03-06 15:45:17 [main] INFO  com.campushiring.CampusHiring - Started CampusHiring in 10.457 seconds (JVM running for 12.841)
2020-03-06 15:46:06 [http-nio-8088-exec-6] INFO  c.c.controllers.CreateOperations - Result is fetched
2020-03-06 15:47:05 [main] INFO  com.campushiring.CampusHiring - Starting CampusHiring on ATMECSINLT-038 with PID 11580 (started by saurabh.chauhan in C:\Users\saurabh.chauhan\Spring Workspace\CampusHiring)
2020-03-06 15:47:05 [main] DEBUG com.campushiring.CampusHiring - Running with Spring Boot v2.2.2.RELEASE, Spring v5.2.2.RELEASE
2020-03-06 15:47:05 [main] INFO  com.campushiring.CampusHiring - No active profile set, falling back to default profiles: default
2020-03-06 15:47:14 [main] INFO  com.campushiring.CampusHiring - Started CampusHiring in 9.462 seconds (JVM running for 11.81)
2020-03-06 15:47:19 [http-nio-8088-exec-1] INFO  c.c.controllers.CreateOperations - Result is fetched
2020-03-06 15:48:58 [main] INFO  com.campushiring.CampusHiring - Starting CampusHiring on ATMECSINLT-038 with PID 16472 (started by saurabh.chauhan in C:\Users\saurabh.chauhan\Spring Workspace\CampusHiring)
2020-03-06 15:48:58 [main] DEBUG com.campushiring.CampusHiring - Running with Spring Boot v2.2.2.RELEASE, Spring v5.2.2.RELEASE
2020-03-06 15:48:58 [main] INFO  com.campushiring.CampusHiring - No active profile set, falling back to default profiles: default
2020-03-06 15:49:07 [main] INFO  com.campushiring.CampusHiring - Started CampusHiring in 9.561 seconds (JVM running for 11.814)
2020-03-06 15:49:18 [http-nio-8088-exec-1] INFO  c.c.controllers.CreateOperations - Result is fetched
2020-03-06 17:08:40 [main] INFO  com.campushiring.CampusHiring - Starting CampusHiring on ATMECSINLT-038 with PID 4692 (started by saurabh.chauhan in C:\Users\saurabh.chauhan\Spring Workspace\CampusHiring)
2020-03-06 17:08:40 [main] DEBUG com.campushiring.CampusHiring - Running with Spring Boot v2.2.2.RELEASE, Spring v5.2.2.RELEASE
2020-03-06 17:08:40 [main] INFO  com.campushiring.CampusHiring - No active profile set, falling back to default profiles: default
2020-03-06 17:09:09 [main] INFO  com.campushiring.CampusHiring - Started CampusHiring in 33.162 seconds (JVM running for 47.625)
2020-03-06 17:11:59 [main] INFO  com.campushiring.CampusHiring - Starting CampusHiring on ATMECSINLT-038 with PID 6812 (started by saurabh.chauhan in C:\Users\saurabh.chauhan\Spring Workspace\CampusHiring)
2020-03-06 17:11:59 [main] DEBUG com.campushiring.CampusHiring - Running with Spring Boot v2.2.2.RELEASE, Spring v5.2.2.RELEASE
2020-03-06 17:11:59 [main] INFO  com.campushiring.CampusHiring - No active profile set, falling back to default profiles: default
2020-03-06 17:12:11 [main] INFO  com.campushiring.CampusHiring - Started CampusHiring in 12.788 seconds (JVM running for 15.887)
2020-03-06 17:12:12 [http-nio-8088-exec-1] INFO  c.c.controllers.CreateOperations - Result is fetched
2020-03-06 17:14:19 [main] INFO  com.campushiring.CampusHiring - Starting CampusHiring on ATMECSINLT-038 with PID 12012 (started by saurabh.chauhan in C:\Users\saurabh.chauhan\Spring Workspace\CampusHiring)
2020-03-06 17:14:19 [main] DEBUG com.campushiring.CampusHiring - Running with Spring Boot v2.2.2.RELEASE, Spring v5.2.2.RELEASE
2020-03-06 17:14:19 [main] INFO  com.campushiring.CampusHiring - No active profile set, falling back to default profiles: default
2020-03-06 17:14:31 [main] INFO  com.campushiring.CampusHiring - Started CampusHiring in 12.077 seconds (JVM running for 15.168)
2020-03-06 17:18:02 [main] INFO  com.campushiring.CampusHiring - Starting CampusHiring on ATMECSINLT-038 with PID 19360 (started by saurabh.chauhan in C:\Users\saurabh.chauhan\Spring Workspace\CampusHiring)
2020-03-06 17:18:02 [main] DEBUG com.campushiring.CampusHiring - Running with Spring Boot v2.2.2.RELEASE, Spring v5.2.2.RELEASE
2020-03-06 17:18:02 [main] INFO  com.campushiring.CampusHiring - No active profile set, falling back to default profiles: default
2020-03-06 17:19:22 [main] INFO  com.campushiring.CampusHiring - Starting CampusHiring on ATMECSINLT-038 with PID 17240 (started by saurabh.chauhan in C:\Users\saurabh.chauhan\Spring Workspace\CampusHiring)
2020-03-06 17:19:22 [main] DEBUG com.campushiring.CampusHiring - Running with Spring Boot v2.2.2.RELEASE, Spring v5.2.2.RELEASE
2020-03-06 17:19:22 [main] INFO  com.campushiring.CampusHiring - No active profile set, falling back to default profiles: default
2020-03-06 17:21:59 [main] INFO  com.campushiring.CampusHiring - Starting CampusHiring on ATMECSINLT-038 with PID 11484 (started by saurabh.chauhan in C:\Users\saurabh.chauhan\Spring Workspace\CampusHiring)
2020-03-06 17:21:59 [main] DEBUG com.campushiring.CampusHiring - Running with Spring Boot v2.2.2.RELEASE, Spring v5.2.2.RELEASE
2020-03-06 17:21:59 [main] INFO  com.campushiring.CampusHiring - No active profile set, falling back to default profiles: default
2020-03-06 17:27:21 [main] INFO  com.campushiring.CampusHiring - Starting CampusHiring on ATMECSINLT-038 with PID 17416 (started by saurabh.chauhan in C:\Users\saurabh.chauhan\Spring Workspace\CampusHiring)
2020-03-06 17:27:21 [main] DEBUG com.campushiring.CampusHiring - Running with Spring Boot v2.2.2.RELEASE, Spring v5.2.2.RELEASE
2020-03-06 17:27:21 [main] INFO  com.campushiring.CampusHiring - No active profile set, falling back to default profiles: default
2020-03-06 17:27:31 [main] INFO  com.campushiring.CampusHiring - Started CampusHiring in 11.233 seconds (JVM running for 14.098)
2020-03-06 17:29:50 [main] INFO  com.campushiring.CampusHiring - Starting CampusHiring on ATMECSINLT-038 with PID 18656 (started by saurabh.chauhan in C:\Users\saurabh.chauhan\Spring Workspace\CampusHiring)
2020-03-06 17:29:50 [main] DEBUG com.campushiring.CampusHiring - Running with Spring Boot v2.2.2.RELEASE, Spring v5.2.2.RELEASE
2020-03-06 17:29:50 [main] INFO  com.campushiring.CampusHiring - No active profile set, falling back to default profiles: default
2020-03-06 17:30:01 [main] INFO  com.campushiring.CampusHiring - Started CampusHiring in 11.093 seconds (JVM running for 13.555)
2020-03-06 17:30:19 [http-nio-8088-exec-5] INFO  c.c.controllers.CreateOperations - Result is fetched
2020-03-06 17:42:09 [main] INFO  com.campushiring.CampusHiring - Starting CampusHiring on ATMECSINLT-038 with PID 16472 (started by saurabh.chauhan in C:\Users\saurabh.chauhan\Spring Workspace\CampusHiring)
2020-03-06 17:42:09 [main] DEBUG com.campushiring.CampusHiring - Running with Spring Boot v2.2.2.RELEASE, Spring v5.2.2.RELEASE
2020-03-06 17:42:09 [main] INFO  com.campushiring.CampusHiring - No active profile set, falling back to default profiles: default
2020-03-06 17:42:21 [main] INFO  com.campushiring.CampusHiring - Started CampusHiring in 13.441 seconds (JVM running for 19.148)
2020-03-06 17:43:43 [main] INFO  com.campushiring.CampusHiring - Starting CampusHiring on ATMECSINLT-038 with PID 15244 (started by saurabh.chauhan in C:\Users\saurabh.chauhan\Spring Workspace\CampusHiring)
2020-03-06 17:43:43 [main] DEBUG com.campushiring.CampusHiring - Running with Spring Boot v2.2.2.RELEASE, Spring v5.2.2.RELEASE
2020-03-06 17:43:43 [main] INFO  com.campushiring.CampusHiring - No active profile set, falling back to default profiles: default
2020-03-06 17:43:53 [main] INFO  com.campushiring.CampusHiring - Started CampusHiring in 11.439 seconds (JVM running for 14.112)
2020-03-06 17:46:31 [http-nio-8088-exec-1] INFO  c.c.controllers.CreateOperations - Result is fetched
2020-03-06 17:48:43 [main] INFO  com.campushiring.CampusHiring - Starting CampusHiring on ATMECSINLT-038 with PID 17116 (started by saurabh.chauhan in C:\Users\saurabh.chauhan\Spring Workspace\CampusHiring)
2020-03-06 17:48:43 [main] DEBUG com.campushiring.CampusHiring - Running with Spring Boot v2.2.2.RELEASE, Spring v5.2.2.RELEASE
2020-03-06 17:48:43 [main] INFO  com.campushiring.CampusHiring - No active profile set, falling back to default profiles: default
2020-03-06 17:59:39 [main] INFO  com.campushiring.CampusHiring - Starting CampusHiring on ATMECSINLT-038 with PID 17968 (started by saurabh.chauhan in C:\Users\saurabh.chauhan\Spring Workspace\CampusHiring)
2020-03-06 17:59:39 [main] DEBUG com.campushiring.CampusHiring - Running with Spring Boot v2.2.2.RELEASE, Spring v5.2.2.RELEASE
2020-03-06 17:59:39 [main] INFO  com.campushiring.CampusHiring - No active profile set, falling back to default profiles: default
2020-03-06 18:00:11 [main] INFO  com.campushiring.CampusHiring - Starting CampusHiring on ATMECSINLT-038 with PID 2852 (started by saurabh.chauhan in C:\Users\saurabh.chauhan\Spring Workspace\CampusHiring)
2020-03-06 18:00:11 [main] DEBUG com.campushiring.CampusHiring - Running with Spring Boot v2.2.2.RELEASE, Spring v5.2.2.RELEASE
2020-03-06 18:00:11 [main] INFO  com.campushiring.CampusHiring - No active profile set, falling back to default profiles: default
2020-03-06 18:01:04 [main] INFO  com.campushiring.CampusHiring - Starting CampusHiring on ATMECSINLT-038 with PID 11328 (started by saurabh.chauhan in C:\Users\saurabh.chauhan\Spring Workspace\CampusHiring)
2020-03-06 18:01:04 [main] DEBUG com.campushiring.CampusHiring - Running with Spring Boot v2.2.2.RELEASE, Spring v5.2.2.RELEASE
2020-03-06 18:01:04 [main] INFO  com.campushiring.CampusHiring - No active profile set, falling back to default profiles: default
2020-03-06 18:01:15 [main] INFO  com.campushiring.CampusHiring - Started CampusHiring in 11.036 seconds (JVM running for 13.752)
2020-03-06 18:06:29 [main] INFO  com.campushiring.CampusHiring - Starting CampusHiring on ATMECSINLT-038 with PID 17788 (started by saurabh.chauhan in C:\Users\saurabh.chauhan\Spring Workspace\CampusHiring)
2020-03-06 18:06:29 [main] DEBUG com.campushiring.CampusHiring - Running with Spring Boot v2.2.2.RELEASE, Spring v5.2.2.RELEASE
2020-03-06 18:06:29 [main] INFO  com.campushiring.CampusHiring - No active profile set, falling back to default profiles: default
2020-03-06 18:06:41 [main] INFO  com.campushiring.CampusHiring - Started CampusHiring in 12.194 seconds (JVM running for 15.333)
2020-03-09 11:31:44 [main] INFO  com.campushiring.CampusHiring - Starting CampusHiring on ATMECSINLT-038 with PID 17556 (started by saurabh.chauhan in C:\Users\saurabh.chauhan\Spring Workspace\CampusHiring)
2020-03-09 11:31:44 [main] DEBUG com.campushiring.CampusHiring - Running with Spring Boot v2.2.2.RELEASE, Spring v5.2.2.RELEASE
2020-03-09 11:31:44 [main] INFO  com.campushiring.CampusHiring - No active profile set, falling back to default profiles: default
2020-03-09 11:32:08 [main] INFO  com.campushiring.CampusHiring - Started CampusHiring in 24.842 seconds (JVM running for 34.375)
2020-03-09 11:33:06 [http-nio-8088-exec-1] INFO  c.c.controllers.CreateOperations - Result is fetched
2020-03-09 11:38:52 [http-nio-8088-exec-4] INFO  c.c.controllers.CreateOperations - Result is fetched
2020-03-09 11:41:03 [main] INFO  com.campushiring.CampusHiring - Starting CampusHiring on ATMECSINLT-038 with PID 10704 (started by saurabh.chauhan in C:\Users\saurabh.chauhan\Spring Workspace\CampusHiring)
2020-03-09 11:41:03 [main] DEBUG com.campushiring.CampusHiring - Running with Spring Boot v2.2.2.RELEASE, Spring v5.2.2.RELEASE
2020-03-09 11:41:03 [main] INFO  com.campushiring.CampusHiring - No active profile set, falling back to default profiles: default
2020-03-09 11:41:20 [main] INFO  com.campushiring.CampusHiring - Started CampusHiring in 17.621 seconds (JVM running for 25.092)
2020-03-09 11:43:03 [main] INFO  com.campushiring.CampusHiring - Starting CampusHiring on ATMECSINLT-038 with PID 8204 (started by saurabh.chauhan in C:\Users\saurabh.chauhan\Spring Workspace\CampusHiring)
2020-03-09 11:43:03 [main] DEBUG com.campushiring.CampusHiring - Running with Spring Boot v2.2.2.RELEASE, Spring v5.2.2.RELEASE
2020-03-09 11:43:03 [main] INFO  com.campushiring.CampusHiring - No active profile set, falling back to default profiles: default
2020-03-09 11:43:14 [main] INFO  com.campushiring.CampusHiring - Started CampusHiring in 11.856 seconds (JVM running for 14.724)
2020-03-09 11:50:58 [main] INFO  com.campushiring.CampusHiring - Starting CampusHiring on ATMECSINLT-038 with PID 18892 (started by saurabh.chauhan in C:\Users\saurabh.chauhan\Spring Workspace\CampusHiring)
2020-03-09 11:50:58 [main] DEBUG com.campushiring.CampusHiring - Running with Spring Boot v2.2.2.RELEASE, Spring v5.2.2.RELEASE
2020-03-09 11:50:58 [main] INFO  com.campushiring.CampusHiring - No active profile set, falling back to default profiles: default
2020-03-09 11:51:12 [main] INFO  com.campushiring.CampusHiring - Started CampusHiring in 15.592 seconds (JVM running for 21.411)
2020-03-09 12:00:57 [main] INFO  com.campushiring.CampusHiring - Starting CampusHiring on ATMECSINLT-038 with PID 6284 (started by saurabh.chauhan in C:\Users\saurabh.chauhan\Spring Workspace\CampusHiring)
2020-03-09 12:00:57 [main] DEBUG com.campushiring.CampusHiring - Running with Spring Boot v2.2.2.RELEASE, Spring v5.2.2.RELEASE
2020-03-09 12:00:57 [main] INFO  com.campushiring.CampusHiring - No active profile set, falling back to default profiles: default
2020-03-09 12:01:07 [main] INFO  com.campushiring.CampusHiring - Started CampusHiring in 11.058 seconds (JVM running for 13.767)
2020-03-09 12:03:20 [main] INFO  com.campushiring.CampusHiring - Starting CampusHiring on ATMECSINLT-038 with PID 18660 (started by saurabh.chauhan in C:\Users\saurabh.chauhan\Spring Workspace\CampusHiring)
2020-03-09 12:03:20 [main] DEBUG com.campushiring.CampusHiring - Running with Spring Boot v2.2.2.RELEASE, Spring v5.2.2.RELEASE
2020-03-09 12:03:20 [main] INFO  com.campushiring.CampusHiring - No active profile set, falling back to default profiles: default
2020-03-09 12:03:31 [main] INFO  com.campushiring.CampusHiring - Started CampusHiring in 11.305 seconds (JVM running for 14.109)
2020-03-09 12:06:19 [main] INFO  com.campushiring.CampusHiring - Starting CampusHiring on ATMECSINLT-038 with PID 19176 (started by saurabh.chauhan in C:\Users\saurabh.chauhan\Spring Workspace\CampusHiring)
2020-03-09 12:06:19 [main] DEBUG com.campushiring.CampusHiring - Running with Spring Boot v2.2.2.RELEASE, Spring v5.2.2.RELEASE
2020-03-09 12:06:19 [main] INFO  com.campushiring.CampusHiring - No active profile set, falling back to default profiles: default
2020-03-09 12:06:30 [main] INFO  com.campushiring.CampusHiring - Started CampusHiring in 11.673 seconds (JVM running for 14.697)
2020-03-09 12:06:49 [http-nio-8088-exec-1] INFO  c.c.controllers.CreateOperations - Result is fetched
2020-03-09 12:12:54 [main] INFO  com.campushiring.CampusHiring - Starting CampusHiring on ATMECSINLT-038 with PID 608 (started by saurabh.chauhan in C:\Users\saurabh.chauhan\Spring Workspace\CampusHiring)
2020-03-09 12:12:54 [main] DEBUG com.campushiring.CampusHiring - Running with Spring Boot v2.2.2.RELEASE, Spring v5.2.2.RELEASE
2020-03-09 12:12:54 [main] INFO  com.campushiring.CampusHiring - No active profile set, falling back to default profiles: default
2020-03-09 12:13:06 [main] INFO  com.campushiring.CampusHiring - Started CampusHiring in 12.34 seconds (JVM running for 15.267)
2020-03-09 12:14:50 [http-nio-8088-exec-6] INFO  c.c.controllers.CreateOperations - Result is fetched
2020-03-09 12:20:34 [main] INFO  com.campushiring.CampusHiring - Starting CampusHiring on ATMECSINLT-038 with PID 16868 (started by saurabh.chauhan in C:\Users\saurabh.chauhan\Spring Workspace\CampusHiring)
2020-03-09 12:20:34 [main] DEBUG com.campushiring.CampusHiring - Running with Spring Boot v2.2.2.RELEASE, Spring v5.2.2.RELEASE
2020-03-09 12:20:34 [main] INFO  com.campushiring.CampusHiring - No active profile set, falling back to default profiles: default
2020-03-09 12:20:47 [main] INFO  com.campushiring.CampusHiring - Started CampusHiring in 13.286 seconds (JVM running for 16.384)
2020-03-09 12:20:53 [http-nio-8088-exec-1] INFO  c.c.controllers.CreateOperations - Result is fetched
2020-03-09 12:25:24 [main] INFO  com.campushiring.CampusHiring - Starting CampusHiring on ATMECSINLT-038 with PID 19316 (started by saurabh.chauhan in C:\Users\saurabh.chauhan\Spring Workspace\CampusHiring)
2020-03-09 12:25:24 [main] DEBUG com.campushiring.CampusHiring - Running with Spring Boot v2.2.2.RELEASE, Spring v5.2.2.RELEASE
2020-03-09 12:25:24 [main] INFO  com.campushiring.CampusHiring - No active profile set, falling back to default profiles: default
2020-03-09 12:25:35 [main] INFO  com.campushiring.CampusHiring - Started CampusHiring in 11.441 seconds (JVM running for 14.337)
2020-03-09 12:25:40 [http-nio-8088-exec-1] INFO  c.c.controllers.CreateOperations - Result is fetched
2020-03-09 12:26:43 [main] INFO  com.campushiring.CampusHiring - Starting CampusHiring on ATMECSINLT-038 with PID 16672 (started by saurabh.chauhan in C:\Users\saurabh.chauhan\Spring Workspace\CampusHiring)
2020-03-09 12:26:43 [main] DEBUG com.campushiring.CampusHiring - Running with Spring Boot v2.2.2.RELEASE, Spring v5.2.2.RELEASE
2020-03-09 12:26:43 [main] INFO  com.campushiring.CampusHiring - No active profile set, falling back to default profiles: default
2020-03-09 12:26:54 [main] INFO  com.campushiring.CampusHiring - Started CampusHiring in 11.586 seconds (JVM running for 14.516)
2020-03-09 12:27:04 [http-nio-8088-exec-1] INFO  c.c.controllers.CreateOperations - Result is fetched
2020-03-09 12:46:38 [http-nio-8088-exec-3] INFO  c.c.controllers.CreateOperations - Result is fetched
2020-03-09 12:56:01 [http-nio-8088-exec-5] INFO  c.c.controllers.CreateOperations - Result is fetched
2020-03-09 14:45:53 [main] INFO  com.campushiring.CampusHiring - Starting CampusHiring on ATMECSINLT-038 with PID 10456 (started by saurabh.chauhan in C:\Users\saurabh.chauhan\Spring Workspace\CampusHiring)
2020-03-09 14:45:53 [main] DEBUG com.campushiring.CampusHiring - Running with Spring Boot v2.2.2.RELEASE, Spring v5.2.2.RELEASE
2020-03-09 14:45:53 [main] INFO  com.campushiring.CampusHiring - No active profile set, falling back to default profiles: default
2020-03-09 14:46:02 [main] INFO  com.campushiring.CampusHiring - Started CampusHiring in 9.629 seconds (JVM running for 11.911)
2020-03-09 14:46:32 [http-nio-8088-exec-9] INFO  c.c.controllers.CreateOperations - Result is fetched
2020-03-09 15:36:06 [main] INFO  com.campushiring.CampusHiring - Starting CampusHiring on ATMECSINLT-038 with PID 14196 (started by saurabh.chauhan in C:\Users\saurabh.chauhan\Spring Workspace\CampusHiring)
2020-03-09 15:36:06 [main] DEBUG com.campushiring.CampusHiring - Running with Spring Boot v2.2.2.RELEASE, Spring v5.2.2.RELEASE
2020-03-09 15:36:06 [main] INFO  com.campushiring.CampusHiring - No active profile set, falling back to default profiles: default
2020-03-09 15:36:14 [main] INFO  com.campushiring.CampusHiring - Started CampusHiring in 9.489 seconds (JVM running for 12.329)
2020-03-09 15:36:35 [http-nio-8088-exec-1] INFO  c.c.controllers.CreateOperations - Result is fetched
2020-03-09 15:36:49 [http-nio-8088-exec-2] INFO  c.c.controllers.CreateOperations - Result is fetched
2020-03-09 15:37:41 [main] INFO  com.campushiring.CampusHiring - Starting CampusHiring on ATMECSINLT-038 with PID 12028 (started by saurabh.chauhan in C:\Users\saurabh.chauhan\Spring Workspace\CampusHiring)
2020-03-09 15:37:41 [main] DEBUG com.campushiring.CampusHiring - Running with Spring Boot v2.2.2.RELEASE, Spring v5.2.2.RELEASE
2020-03-09 15:37:41 [main] INFO  com.campushiring.CampusHiring - No active profile set, falling back to default profiles: default
2020-03-09 15:37:49 [main] INFO  com.campushiring.CampusHiring - Started CampusHiring in 8.5 seconds (JVM running for 10.416)
2020-03-09 15:37:54 [http-nio-8088-exec-2] INFO  c.c.controllers.CreateOperations - Result is fetched
2020-03-09 15:39:08 [main] INFO  com.campushiring.CampusHiring - Starting CampusHiring on ATMECSINLT-038 with PID 14912 (started by saurabh.chauhan in C:\Users\saurabh.chauhan\Spring Workspace\CampusHiring)
2020-03-09 15:39:08 [main] DEBUG com.campushiring.CampusHiring - Running with Spring Boot v2.2.2.RELEASE, Spring v5.2.2.RELEASE
2020-03-09 15:39:08 [main] INFO  com.campushiring.CampusHiring - No active profile set, falling back to default profiles: default
2020-03-09 15:39:16 [main] INFO  com.campushiring.CampusHiring - Started CampusHiring in 9.005 seconds (JVM running for 11.081)
2020-03-09 15:39:20 [http-nio-8088-exec-1] INFO  c.c.controllers.CreateOperations - Result is fetched
2020-03-09 15:39:28 [http-nio-8088-exec-2] INFO  c.c.controllers.CreateOperations - Result is fetched
2020-03-09 15:41:24 [http-nio-8088-exec-4] INFO  c.c.controllers.CreateOperations - Response had Created or updated
2020-03-09 15:41:33 [http-nio-8088-exec-5] INFO  c.c.controllers.CreateOperations - Result is fetched
2020-03-09 15:49:57 [main] INFO  com.campushiring.CampusHiring - Starting CampusHiring on ATMECSINLT-038 with PID 4856 (started by saurabh.chauhan in C:\Users\saurabh.chauhan\Spring Workspace\CampusHiring)
2020-03-09 15:49:57 [main] DEBUG com.campushiring.CampusHiring - Running with Spring Boot v2.2.2.RELEASE, Spring v5.2.2.RELEASE
2020-03-09 15:49:57 [main] INFO  com.campushiring.CampusHiring - No active profile set, falling back to default profiles: default
2020-03-09 15:50:05 [main] INFO  com.campushiring.CampusHiring - Started CampusHiring in 9.276 seconds (JVM running for 11.665)
2020-03-09 15:50:21 [http-nio-8088-exec-1] INFO  c.c.controllers.CreateOperations - Result is fetched
2020-03-09 15:50:25 [http-nio-8088-exec-2] INFO  c.c.controllers.CreateOperations - Result is fetched
2020-03-09 15:50:41 [http-nio-8088-exec-3] INFO  c.c.controllers.CreateOperations - Result is fetched
2020-03-09 15:54:10 [main] INFO  com.campushiring.CampusHiring - Starting CampusHiring on ATMECSINLT-038 with PID 13908 (started by saurabh.chauhan in C:\Users\saurabh.chauhan\Spring Workspace\CampusHiring)
2020-03-09 15:54:10 [main] DEBUG com.campushiring.CampusHiring - Running with Spring Boot v2.2.2.RELEASE, Spring v5.2.2.RELEASE
2020-03-09 15:54:10 [main] INFO  com.campushiring.CampusHiring - No active profile set, falling back to default profiles: default
2020-03-09 15:54:19 [main] INFO  com.campushiring.CampusHiring - Started CampusHiring in 9.124 seconds (JVM running for 11.285)
2020-03-09 15:54:29 [http-nio-8088-exec-1] INFO  c.c.controllers.CreateOperations - Result is fetched
2020-03-09 16:09:52 [main] INFO  com.campushiring.CampusHiring - Starting CampusHiring on ATMECSINLT-038 with PID 15400 (started by saurabh.chauhan in C:\Users\saurabh.chauhan\Spring Workspace\CampusHiring)
2020-03-09 16:09:52 [main] DEBUG com.campushiring.CampusHiring - Running with Spring Boot v2.2.2.RELEASE, Spring v5.2.2.RELEASE
2020-03-09 16:09:52 [main] INFO  com.campushiring.CampusHiring - No active profile set, falling back to default profiles: default
2020-03-09 16:10:01 [main] INFO  com.campushiring.CampusHiring - Started CampusHiring in 10.047 seconds (JVM running for 12.631)
2020-03-09 16:11:31 [http-nio-8088-exec-5] INFO  c.c.controllers.CreateOperations - Result is fetched
2020-03-09 16:12:35 [http-nio-8088-exec-8] INFO  c.c.controllers.CreateOperations - Result is fetched
2020-03-09 16:17:36 [main] INFO  com.campushiring.CampusHiring - Starting CampusHiring on ATMECSINLT-038 with PID 3272 (started by saurabh.chauhan in C:\Users\saurabh.chauhan\Spring Workspace\CampusHiring)
2020-03-09 16:17:36 [main] DEBUG com.campushiring.CampusHiring - Running with Spring Boot v2.2.2.RELEASE, Spring v5.2.2.RELEASE
2020-03-09 16:17:36 [main] INFO  com.campushiring.CampusHiring - No active profile set, falling back to default profiles: default
2020-03-09 16:17:45 [main] INFO  com.campushiring.CampusHiring - Started CampusHiring in 9.262 seconds (JVM running for 11.757)
2020-03-09 16:17:49 [http-nio-8088-exec-1] INFO  c.c.controllers.CreateOperations - Result is fetched
2020-03-09 16:17:56 [http-nio-8088-exec-3] INFO  c.c.controllers.CreateOperations - All Results are fetched
2020-03-09 16:18:24 [http-nio-8088-exec-4] INFO  c.c.controllers.CreateOperations - Result is fetched
2020-03-09 16:20:32 [http-nio-8088-exec-6] INFO  c.c.controllers.CreateOperations - Response had Created or updated
2020-03-09 16:23:28 [main] INFO  com.campushiring.CampusHiring - Starting CampusHiring on ATMECSINLT-038 with PID 17092 (started by saurabh.chauhan in C:\Users\saurabh.chauhan\Spring Workspace\CampusHiring)
2020-03-09 16:23:28 [main] DEBUG com.campushiring.CampusHiring - Running with Spring Boot v2.2.2.RELEASE, Spring v5.2.2.RELEASE
2020-03-09 16:23:28 [main] INFO  com.campushiring.CampusHiring - No active profile set, falling back to default profiles: default
2020-03-09 16:23:38 [main] INFO  com.campushiring.CampusHiring - Started CampusHiring in 10.724 seconds (JVM running for 13.96)
2020-03-09 16:23:48 [http-nio-8088-exec-7] INFO  c.c.controllers.CreateOperations - Result is fetched
2020-03-09 16:24:09 [http-nio-8088-exec-6] INFO  c.c.controllers.CreateOperations - Result is fetched
2020-03-09 16:24:12 [http-nio-8088-exec-9] INFO  c.c.controllers.CreateOperations - Result is fetched
2020-03-09 16:24:37 [http-nio-8088-exec-10] INFO  c.c.controllers.CreateOperations - Result is fetched
2020-03-09 16:26:31 [main] INFO  com.campushiring.CampusHiring - Starting CampusHiring on ATMECSINLT-038 with PID 16472 (started by saurabh.chauhan in C:\Users\saurabh.chauhan\Spring Workspace\CampusHiring)
2020-03-09 16:26:31 [main] DEBUG com.campushiring.CampusHiring - Running with Spring Boot v2.2.2.RELEASE, Spring v5.2.2.RELEASE
2020-03-09 16:26:31 [main] INFO  com.campushiring.CampusHiring - No active profile set, falling back to default profiles: default
2020-03-09 16:26:40 [main] INFO  com.campushiring.CampusHiring - Started CampusHiring in 9.613 seconds (JVM running for 11.984)
2020-03-09 16:26:52 [http-nio-8088-exec-1] INFO  c.c.controllers.CreateOperations - Result is fetched
2020-03-09 16:27:05 [http-nio-8088-exec-2] INFO  c.c.controllers.CreateOperations - All Results are fetched
2020-03-09 16:30:04 [main] INFO  com.campushiring.CampusHiring - Starting CampusHiring on ATMECSINLT-038 with PID 2064 (started by saurabh.chauhan in C:\Users\saurabh.chauhan\Spring Workspace\CampusHiring)
2020-03-09 16:30:04 [main] DEBUG com.campushiring.CampusHiring - Running with Spring Boot v2.2.2.RELEASE, Spring v5.2.2.RELEASE
2020-03-09 16:30:04 [main] INFO  com.campushiring.CampusHiring - No active profile set, falling back to default profiles: default
2020-03-09 16:30:12 [main] INFO  com.campushiring.CampusHiring - Started CampusHiring in 9.421 seconds (JVM running for 11.962)
2020-03-09 16:30:29 [http-nio-8088-exec-5] INFO  c.c.controllers.CreateOperations - Result is fetched
2020-03-09 16:30:34 [http-nio-8088-exec-7] INFO  c.c.controllers.CreateOperations - Result is fetched
2020-03-09 16:31:51 [http-nio-8088-exec-9] INFO  c.c.controllers.CreateOperations - All Results are fetched
2020-03-09 16:39:53 [http-nio-8088-exec-1] INFO  c.c.controllers.CreateOperations - Result is fetched
2020-03-09 16:39:57 [http-nio-8088-exec-2] INFO  c.c.controllers.CreateOperations - Result is fetched
2020-03-09 16:58:31 [main] INFO  com.campushiring.CampusHiring - Starting CampusHiring on ATMECSINLT-038 with PID 7988 (started by saurabh.chauhan in C:\Users\saurabh.chauhan\Spring Workspace\CampusHiring)
2020-03-09 16:58:31 [main] DEBUG com.campushiring.CampusHiring - Running with Spring Boot v2.2.2.RELEASE, Spring v5.2.2.RELEASE
2020-03-09 16:58:31 [main] INFO  com.campushiring.CampusHiring - No active profile set, falling back to default profiles: default
2020-03-09 16:58:41 [main] INFO  com.campushiring.CampusHiring - Started CampusHiring in 10.089 seconds (JVM running for 12.304)
2020-03-09 16:59:12 [http-nio-8088-exec-5] INFO  c.c.controllers.CreateOperations - Result is fetched
2020-03-09 16:59:34 [http-nio-8088-exec-6] INFO  c.c.controllers.CreateOperations - Result is fetched
2020-03-09 17:00:03 [http-nio-8088-exec-8] INFO  c.c.controllers.CreateOperations - All Results are fetched
2020-03-09 17:04:20 [http-nio-8088-exec-10] INFO  c.c.controllers.CreateOperations - Result is fetched
2020-03-09 17:06:14 [http-nio-8088-exec-2] ERROR c.c.controllers.CreateOperations - Exception Came With Code400 BAD_REQUEST
2020-03-09 17:06:31 [http-nio-8088-exec-3] ERROR c.c.controllers.CreateOperations - Exception Came With Code400 BAD_REQUEST
2020-03-09 17:06:36 [http-nio-8088-exec-4] ERROR c.c.controllers.CreateOperations - Exception Came With Code400 BAD_REQUEST
2020-03-09 17:06:41 [http-nio-8088-exec-5] ERROR c.c.controllers.CreateOperations - Exception Came With Code400 BAD_REQUEST
2020-03-09 17:07:56 [main] INFO  com.campushiring.CampusHiring - Starting CampusHiring on ATMECSINLT-038 with PID 16520 (started by saurabh.chauhan in C:\Users\saurabh.chauhan\Spring Workspace\CampusHiring)
2020-03-09 17:07:56 [main] DEBUG com.campushiring.CampusHiring - Running with Spring Boot v2.2.2.RELEASE, Spring v5.2.2.RELEASE
2020-03-09 17:07:56 [main] INFO  com.campushiring.CampusHiring - No active profile set, falling back to default profiles: default
2020-03-09 17:08:07 [main] INFO  com.campushiring.CampusHiring - Started CampusHiring in 11.481 seconds (JVM running for 13.885)
2020-03-09 17:08:22 [http-nio-8088-exec-5] INFO  c.c.controllers.CreateOperations - All Questions are fetched
2020-03-09 17:08:52 [http-nio-8088-exec-7] ERROR c.c.controllers.CreateOperations - Exception Came With Code400 BAD_REQUEST
2020-03-09 17:10:12 [main] INFO  com.campushiring.CampusHiring - Starting CampusHiring on ATMECSINLT-038 with PID 18424 (started by saurabh.chauhan in C:\Users\saurabh.chauhan\Spring Workspace\CampusHiring)
2020-03-09 17:10:12 [main] DEBUG com.campushiring.CampusHiring - Running with Spring Boot v2.2.2.RELEASE, Spring v5.2.2.RELEASE
2020-03-09 17:10:12 [main] INFO  com.campushiring.CampusHiring - No active profile set, falling back to default profiles: default
2020-03-09 17:10:26 [main] INFO  com.campushiring.CampusHiring - Started CampusHiring in 14.488 seconds (JVM running for 18.718)
2020-03-09 17:10:30 [http-nio-8088-exec-1] INFO  c.c.controllers.CreateOperations - Question had fetched
2020-03-09 17:12:54 [http-nio-8088-exec-3] INFO  c.c.controllers.CreateOperations - Response had Created or updated
2020-03-09 17:13:20 [http-nio-8088-exec-5] INFO  c.c.controllers.CreateOperations - Result is fetched
2020-03-09 17:14:17 [main] INFO  com.campushiring.CampusHiring - Starting CampusHiring on ATMECSINLT-038 with PID 9452 (started by saurabh.chauhan in C:\Users\saurabh.chauhan\Spring Workspace\CampusHiring)
2020-03-09 17:14:17 [main] DEBUG com.campushiring.CampusHiring - Running with Spring Boot v2.2.2.RELEASE, Spring v5.2.2.RELEASE
2020-03-09 17:14:17 [main] INFO  com.campushiring.CampusHiring - No active profile set, falling back to default profiles: default
2020-03-09 17:14:26 [main] INFO  com.campushiring.CampusHiring - Started CampusHiring in 9.556 seconds (JVM running for 12.353)
2020-03-09 17:14:42 [http-nio-8088-exec-1] INFO  c.c.controllers.CreateOperations - Result is fetched
2020-03-09 17:17:25 [http-nio-8088-exec-3] INFO  c.c.controllers.CreateOperations - Question has been Created
2020-03-09 17:17:32 [http-nio-8088-exec-5] INFO  c.c.controllers.CreateOperations - Question has been Created
2020-03-09 17:17:33 [http-nio-8088-exec-6] INFO  c.c.controllers.CreateOperations - Question has been Created
2020-03-09 17:17:33 [http-nio-8088-exec-7] INFO  c.c.controllers.CreateOperations - Question has been Created
2020-03-09 17:17:33 [http-nio-8088-exec-8] INFO  c.c.controllers.CreateOperations - Question has been Created
2020-03-09 17:17:33 [http-nio-8088-exec-9] INFO  c.c.controllers.CreateOperations - Question has been Created
2020-03-09 17:17:34 [http-nio-8088-exec-10] INFO  c.c.controllers.CreateOperations - Question has been Created
2020-03-09 17:18:06 [http-nio-8088-exec-2] INFO  c.c.controllers.CreateOperations - Response had Created or updated
2020-03-09 17:18:13 [http-nio-8088-exec-4] INFO  c.c.controllers.CreateOperations - Response had Created or updated
2020-03-09 17:18:18 [http-nio-8088-exec-5] INFO  c.c.controllers.CreateOperations - Response had Created or updated
2020-03-09 17:18:25 [http-nio-8088-exec-6] INFO  c.c.controllers.CreateOperations - Response had Created or updated
2020-03-09 17:18:29 [http-nio-8088-exec-7] INFO  c.c.controllers.CreateOperations - Response had Created or updated
2020-03-09 17:19:05 [http-nio-8088-exec-8] INFO  c.c.controllers.CreateOperations - Result is fetched
2020-03-09 17:19:10 [http-nio-8088-exec-9] INFO  c.c.controllers.CreateOperations - Result is fetched
2020-03-09 17:19:23 [http-nio-8088-exec-10] INFO  c.c.controllers.CreateOperations - Result is fetched
2020-03-09 17:20:53 [main] INFO  com.campushiring.CampusHiring - Starting CampusHiring on ATMECSINLT-038 with PID 18408 (started by saurabh.chauhan in C:\Users\saurabh.chauhan\Spring Workspace\CampusHiring)
2020-03-09 17:20:53 [main] DEBUG com.campushiring.CampusHiring - Running with Spring Boot v2.2.2.RELEASE, Spring v5.2.2.RELEASE
2020-03-09 17:20:53 [main] INFO  com.campushiring.CampusHiring - No active profile set, falling back to default profiles: default
2020-03-09 17:21:02 [main] INFO  com.campushiring.CampusHiring - Started CampusHiring in 9.411 seconds (JVM running for 11.815)
2020-03-09 17:21:44 [http-nio-8088-exec-1] INFO  c.c.controllers.CreateOperations - Result is fetched
2020-03-09 17:22:00 [http-nio-8088-exec-3] INFO  c.c.controllers.CreateOperations - Result is fetched
2020-03-09 17:25:25 [main] INFO  com.campushiring.CampusHiring - Starting CampusHiring on ATMECSINLT-038 with PID 8788 (started by saurabh.chauhan in C:\Users\saurabh.chauhan\Spring Workspace\CampusHiring)
2020-03-09 17:25:25 [main] DEBUG com.campushiring.CampusHiring - Running with Spring Boot v2.2.2.RELEASE, Spring v5.2.2.RELEASE
2020-03-09 17:25:25 [main] INFO  com.campushiring.CampusHiring - No active profile set, falling back to default profiles: default
2020-03-09 17:25:34 [main] INFO  com.campushiring.CampusHiring - Started CampusHiring in 9.523 seconds (JVM running for 11.905)
2020-03-09 17:25:44 [http-nio-8088-exec-1] INFO  c.c.controllers.CreateOperations - Result is fetched
2020-03-09 17:26:47 [http-nio-8088-exec-3] INFO  c.c.controllers.CreateOperations - All Questions are fetched
2020-03-09 17:27:06 [http-nio-8088-exec-4] INFO  c.c.controllers.CreateOperations - Options has been Created
2020-03-09 17:27:16 [http-nio-8088-exec-6] INFO  c.c.controllers.CreateOperations - Question had fetched
2020-03-09 17:45:20 [main] INFO  com.campushiring.CampusHiring - Starting CampusHiring on ATMECSINLT-038 with PID 15580 (started by saurabh.chauhan in C:\Users\saurabh.chauhan\Spring Workspace\CampusHiring)
2020-03-09 17:45:20 [main] DEBUG com.campushiring.CampusHiring - Running with Spring Boot v2.2.2.RELEASE, Spring v5.2.2.RELEASE
2020-03-09 17:45:20 [main] INFO  com.campushiring.CampusHiring - No active profile set, falling back to default profiles: default
2020-03-09 17:45:30 [main] INFO  com.campushiring.CampusHiring - Started CampusHiring in 9.919 seconds (JVM running for 12.434)
2020-03-09 17:50:37 [main] INFO  com.campushiring.CampusHiring - Starting CampusHiring on ATMECSINLT-038 with PID 16300 (started by saurabh.chauhan in C:\Users\saurabh.chauhan\Spring Workspace\CampusHiring)
2020-03-09 17:50:37 [main] DEBUG com.campushiring.CampusHiring - Running with Spring Boot v2.2.2.RELEASE, Spring v5.2.2.RELEASE
2020-03-09 17:50:37 [main] INFO  com.campushiring.CampusHiring - No active profile set, falling back to default profiles: default
2020-03-09 17:50:45 [main] INFO  com.campushiring.CampusHiring - Started CampusHiring in 9.049 seconds (JVM running for 10.979)
2020-03-09 17:57:31 [main] INFO  com.campushiring.CampusHiring - Starting CampusHiring on ATMECSINLT-038 with PID 15292 (started by saurabh.chauhan in C:\Users\saurabh.chauhan\Spring Workspace\CampusHiring)
2020-03-09 17:57:31 [main] DEBUG com.campushiring.CampusHiring - Running with Spring Boot v2.2.2.RELEASE, Spring v5.2.2.RELEASE
2020-03-09 17:57:31 [main] INFO  com.campushiring.CampusHiring - No active profile set, falling back to default profiles: default
2020-03-09 17:57:40 [main] INFO  com.campushiring.CampusHiring - Started CampusHiring in 9.962 seconds (JVM running for 12.153)
2020-03-09 19:03:15 [main] INFO  com.campushiring.CampusHiring - Starting CampusHiring on ATMECSINLT-038 with PID 6016 (started by saurabh.chauhan in C:\Users\saurabh.chauhan\Spring Workspace\CampusHiring)
2020-03-09 19:03:15 [main] DEBUG com.campushiring.CampusHiring - Running with Spring Boot v2.2.2.RELEASE, Spring v5.2.2.RELEASE
2020-03-09 19:03:15 [main] INFO  com.campushiring.CampusHiring - No active profile set, falling back to default profiles: default
2020-03-09 19:09:21 [main] INFO  com.campushiring.CampusHiring - Starting CampusHiring on ATMECSINLT-038 with PID 3208 (started by saurabh.chauhan in C:\Users\saurabh.chauhan\Spring Workspace\CampusHiring)
2020-03-09 19:09:21 [main] DEBUG com.campushiring.CampusHiring - Running with Spring Boot v2.2.2.RELEASE, Spring v5.2.2.RELEASE
2020-03-09 19:09:21 [main] INFO  com.campushiring.CampusHiring - No active profile set, falling back to default profiles: default
2020-03-09 19:09:28 [main] INFO  com.campushiring.CampusHiring - Started CampusHiring in 8.566 seconds (JVM running for 10.832)
2020-03-09 19:28:09 [main] INFO  com.campushiring.CampusHiring - Starting CampusHiring on ATMECSINLT-038 with PID 7528 (started by saurabh.chauhan in C:\Users\saurabh.chauhan\Spring Workspace\CampusHiring)
2020-03-09 19:28:09 [main] DEBUG com.campushiring.CampusHiring - Running with Spring Boot v2.2.2.RELEASE, Spring v5.2.2.RELEASE
2020-03-09 19:28:09 [main] INFO  com.campushiring.CampusHiring - No active profile set, falling back to default profiles: default
2020-03-09 19:28:19 [main] INFO  com.campushiring.CampusHiring - Started CampusHiring in 11.12 seconds (JVM running for 13.604)
2020-03-09 19:30:34 [main] INFO  com.campushiring.CampusHiring - Starting CampusHiring on ATMECSINLT-038 with PID 18060 (started by saurabh.chauhan in C:\Users\saurabh.chauhan\Spring Workspace\CampusHiring)
2020-03-09 19:30:34 [main] DEBUG com.campushiring.CampusHiring - Running with Spring Boot v2.2.2.RELEASE, Spring v5.2.2.RELEASE
2020-03-09 19:30:34 [main] INFO  com.campushiring.CampusHiring - No active profile set, falling back to default profiles: default
2020-03-09 19:30:42 [main] INFO  com.campushiring.CampusHiring - Started CampusHiring in 8.64 seconds (JVM running for 10.812)
2020-03-09 19:31:00 [http-nio-8088-exec-1] INFO  c.c.controllers.CreateOperations - Result is fetched
2020-03-09 19:35:22 [main] INFO  com.campushiring.CampusHiring - Starting CampusHiring on ATMECSINLT-038 with PID 18092 (started by saurabh.chauhan in C:\Users\saurabh.chauhan\Spring Workspace\CampusHiring)
2020-03-09 19:35:22 [main] DEBUG com.campushiring.CampusHiring - Running with Spring Boot v2.2.2.RELEASE, Spring v5.2.2.RELEASE
2020-03-09 19:35:22 [main] INFO  com.campushiring.CampusHiring - No active profile set, falling back to default profiles: default
2020-03-09 19:35:31 [main] INFO  com.campushiring.CampusHiring - Started CampusHiring in 8.797 seconds (JVM running for 11.028)
2020-03-09 19:35:51 [http-nio-8088-exec-5] INFO  c.c.controllers.CreateOperations - Result is fetched
2020-03-09 19:39:45 [main] INFO  com.campushiring.CampusHiring - Starting CampusHiring on ATMECSINLT-038 with PID 18416 (started by saurabh.chauhan in C:\Users\saurabh.chauhan\Spring Workspace\CampusHiring)
2020-03-09 19:39:45 [main] DEBUG com.campushiring.CampusHiring - Running with Spring Boot v2.2.2.RELEASE, Spring v5.2.2.RELEASE
2020-03-09 19:39:45 [main] INFO  com.campushiring.CampusHiring - No active profile set, falling back to default profiles: default
2020-03-09 19:39:54 [main] INFO  com.campushiring.CampusHiring - Started CampusHiring in 9.028 seconds (JVM running for 11.096)
2020-03-09 19:40:11 [http-nio-8088-exec-1] INFO  c.c.controllers.CreateOperations - Result is fetched
2020-03-09 19:41:02 [http-nio-8088-exec-2] INFO  c.c.controllers.CreateOperations - Response had Created or updated
2020-03-09 19:41:47 [http-nio-8088-exec-3] INFO  c.c.controllers.CreateOperations - Response had Created or updated
2020-03-09 19:41:59 [http-nio-8088-exec-5] INFO  c.c.controllers.CreateOperations - Response had Created or updated
2020-03-09 19:42:15 [http-nio-8088-exec-7] INFO  c.c.controllers.CreateOperations - Result is fetched
2020-03-09 19:42:25 [http-nio-8088-exec-8] INFO  c.c.controllers.CreateOperations - Result is fetched
2020-03-09 19:43:28 [main] INFO  com.campushiring.CampusHiring - Starting CampusHiring on ATMECSINLT-038 with PID 5976 (started by saurabh.chauhan in C:\Users\saurabh.chauhan\Spring Workspace\CampusHiring)
2020-03-09 19:43:28 [main] DEBUG com.campushiring.CampusHiring - Running with Spring Boot v2.2.2.RELEASE, Spring v5.2.2.RELEASE
2020-03-09 19:43:28 [main] INFO  com.campushiring.CampusHiring - No active profile set, falling back to default profiles: default
2020-03-09 19:43:37 [main] INFO  com.campushiring.CampusHiring - Started CampusHiring in 8.876 seconds (JVM running for 10.891)
2020-03-09 19:43:51 [http-nio-8088-exec-1] INFO  c.c.controllers.CreateOperations - Result is fetched
2020-03-09 19:48:11 [main] INFO  com.campushiring.CampusHiring - Starting CampusHiring on ATMECSINLT-038 with PID 8704 (started by saurabh.chauhan in C:\Users\saurabh.chauhan\Spring Workspace\CampusHiring)
2020-03-09 19:48:11 [main] DEBUG com.campushiring.CampusHiring - Running with Spring Boot v2.2.2.RELEASE, Spring v5.2.2.RELEASE
2020-03-09 19:48:11 [main] INFO  com.campushiring.CampusHiring - No active profile set, falling back to default profiles: default
2020-03-09 19:48:20 [main] INFO  com.campushiring.CampusHiring - Started CampusHiring in 9.277 seconds (JVM running for 11.251)
2020-03-09 19:49:23 [main] INFO  com.campushiring.CampusHiring - Starting CampusHiring on ATMECSINLT-038 with PID 16708 (started by saurabh.chauhan in C:\Users\saurabh.chauhan\Spring Workspace\CampusHiring)
2020-03-09 19:49:23 [main] DEBUG com.campushiring.CampusHiring - Running with Spring Boot v2.2.2.RELEASE, Spring v5.2.2.RELEASE
2020-03-09 19:49:23 [main] INFO  com.campushiring.CampusHiring - No active profile set, falling back to default profiles: default
2020-03-09 19:49:31 [main] INFO  com.campushiring.CampusHiring - Started CampusHiring in 8.603 seconds (JVM running for 10.721)
2020-03-09 19:51:08 [http-nio-8088-exec-1] INFO  c.c.controllers.CreateOperations - Result is fetched
2020-03-09 19:52:12 [main] INFO  com.campushiring.CampusHiring - Starting CampusHiring on ATMECSINLT-038 with PID 18304 (started by saurabh.chauhan in C:\Users\saurabh.chauhan\Spring Workspace\CampusHiring)
2020-03-09 19:52:12 [main] DEBUG com.campushiring.CampusHiring - Running with Spring Boot v2.2.2.RELEASE, Spring v5.2.2.RELEASE
2020-03-09 19:52:12 [main] INFO  com.campushiring.CampusHiring - No active profile set, falling back to default profiles: default
2020-03-09 19:52:20 [main] INFO  com.campushiring.CampusHiring - Started CampusHiring in 8.939 seconds (JVM running for 10.888)
2020-03-09 19:52:24 [http-nio-8088-exec-2] INFO  c.c.controllers.CreateOperations - Result is fetched
2020-03-09 19:54:30 [main] INFO  com.campushiring.CampusHiring - Starting CampusHiring on ATMECSINLT-038 with PID 16552 (started by saurabh.chauhan in C:\Users\saurabh.chauhan\Spring Workspace\CampusHiring)
2020-03-09 19:54:30 [main] DEBUG com.campushiring.CampusHiring - Running with Spring Boot v2.2.2.RELEASE, Spring v5.2.2.RELEASE
2020-03-09 19:54:30 [main] INFO  com.campushiring.CampusHiring - No active profile set, falling back to default profiles: default
2020-03-09 19:54:39 [main] INFO  com.campushiring.CampusHiring - Started CampusHiring in 8.836 seconds (JVM running for 10.68)
2020-03-09 19:54:45 [http-nio-8088-exec-1] INFO  c.c.controllers.CreateOperations - Result is fetched
2020-03-09 19:56:09 [main] INFO  com.campushiring.CampusHiring - Starting CampusHiring on ATMECSINLT-038 with PID 13048 (started by saurabh.chauhan in C:\Users\saurabh.chauhan\Spring Workspace\CampusHiring)
2020-03-09 19:56:09 [main] DEBUG com.campushiring.CampusHiring - Running with Spring Boot v2.2.2.RELEASE, Spring v5.2.2.RELEASE
2020-03-09 19:56:09 [main] INFO  com.campushiring.CampusHiring - No active profile set, falling back to default profiles: default
2020-03-09 19:56:17 [main] INFO  com.campushiring.CampusHiring - Started CampusHiring in 8.344 seconds (JVM running for 10.38)
2020-03-09 19:56:23 [http-nio-8088-exec-1] INFO  c.c.controllers.CreateOperations - Result is fetched
